23:33:51.992 [main] INFO  c.p.s.SpringBootBoardApplication - Starting SpringBootBoardApplication using Java 17 on gimdongseobs-MacBook-Air.local with PID 49740 (/Users/dskim/Study/KDT/Assignments/SpringBoot-Board/build/classes/java/main started by dskim in /Users/dskim/Study/KDT/Assignments/SpringBoot-Board)
23:33:51.993 [main] INFO  c.p.s.SpringBootBoardApplication - The following profiles are active: local
23:33:52.713 [main] INFO  o.s.d.r.c.RepositoryConfigurationDelegate - Bootstrapping Spring Data JPA repositories in DEFAULT mode.
23:33:52.764 [main] INFO  o.s.d.r.c.RepositoryConfigurationDelegate - Finished Spring Data repository scanning in 42 ms. Found 2 JPA repository interfaces.
23:33:53.256 [main] INFO  o.s.b.w.e.tomcat.TomcatWebServer - Tomcat initialized with port(s): 8080 (http)
23:33:53.265 [main] INFO  o.a.catalina.core.StandardService - Starting service [Tomcat]
23:33:53.265 [main] INFO  o.a.catalina.core.StandardEngine - Starting Servlet engine: [Apache Tomcat/9.0.53]
23:33:53.341 [main] INFO  o.a.c.c.C.[Tomcat].[localhost].[/] - Initializing Spring embedded WebApplicationContext
23:33:53.341 [main] INFO  o.s.b.w.s.c.ServletWebServerApplicationContext - Root WebApplicationContext: initialization completed in 1269 ms
23:33:53.489 [main] INFO  o.h.jpa.internal.util.LogHelper - HHH000204: Processing PersistenceUnitInfo [name: default]
23:33:53.511 [main] INFO  org.hibernate.Version - HHH000412: Hibernate ORM core version 5.4.32.Final
23:33:53.577 [main] INFO  o.h.annotations.common.Version - HCANN000001: Hibernate Commons Annotations {5.1.2.Final}
23:33:53.588 [main] DEBUG org.hibernate.type.BasicTypeRegistry - Adding type registration boolean -> org.hibernate.type.BooleanType@6f25bf88
23:33:53.589 [main] DEBUG org.hibernate.type.BasicTypeRegistry - Adding type registration boolean -> org.hibernate.type.BooleanType@6f25bf88
23:33:53.589 [main] DEBUG org.hibernate.type.BasicTypeRegistry - Adding type registration java.lang.Boolean -> org.hibernate.type.BooleanType@6f25bf88
23:33:53.589 [main] DEBUG org.hibernate.type.BasicTypeRegistry - Adding type registration numeric_boolean -> org.hibernate.type.NumericBooleanType@202898d7
23:33:53.590 [main] DEBUG org.hibernate.type.BasicTypeRegistry - Adding type registration true_false -> org.hibernate.type.TrueFalseType@37a0ec3c
23:33:53.591 [main] DEBUG org.hibernate.type.BasicTypeRegistry - Adding type registration yes_no -> org.hibernate.type.YesNoType@50b93353
23:33:53.591 [main] DEBUG org.hibernate.type.BasicTypeRegistry - Adding type registration byte -> org.hibernate.type.ByteType@6c8fe7a4
23:33:53.591 [main] DEBUG org.hibernate.type.BasicTypeRegistry - Adding type registration byte -> org.hibernate.type.ByteType@6c8fe7a4
23:33:53.591 [main] DEBUG org.hibernate.type.BasicTypeRegistry - Adding type registration java.lang.Byte -> org.hibernate.type.ByteType@6c8fe7a4
23:33:53.592 [main] DEBUG org.hibernate.type.BasicTypeRegistry - Adding type registration character -> org.hibernate.type.CharacterType@5a08b084
23:33:53.592 [main] DEBUG org.hibernate.type.BasicTypeRegistry - Adding type registration char -> org.hibernate.type.CharacterType@5a08b084
23:33:53.592 [main] DEBUG org.hibernate.type.BasicTypeRegistry - Adding type registration java.lang.Character -> org.hibernate.type.CharacterType@5a08b084
23:33:53.592 [main] DEBUG org.hibernate.type.BasicTypeRegistry - Adding type registration short -> org.hibernate.type.ShortType@552cede7
23:33:53.592 [main] DEBUG org.hibernate.type.BasicTypeRegistry - Adding type registration short -> org.hibernate.type.ShortType@552cede7
23:33:53.592 [main] DEBUG org.hibernate.type.BasicTypeRegistry - Adding type registration java.lang.Short -> org.hibernate.type.ShortType@552cede7
23:33:53.593 [main] DEBUG org.hibernate.type.BasicTypeRegistry - Adding type registration integer -> org.hibernate.type.IntegerType@19e21f89
23:33:53.593 [main] DEBUG org.hibernate.type.BasicTypeRegistry - Adding type registration int -> org.hibernate.type.IntegerType@19e21f89
23:33:53.593 [main] DEBUG org.hibernate.type.BasicTypeRegistry - Adding type registration java.lang.Integer -> org.hibernate.type.IntegerType@19e21f89
23:33:53.593 [main] DEBUG org.hibernate.type.BasicTypeRegistry - Adding type registration long -> org.hibernate.type.LongType@2efd2f21
23:33:53.593 [main] DEBUG org.hibernate.type.BasicTypeRegistry - Adding type registration long -> org.hibernate.type.LongType@2efd2f21
23:33:53.593 [main] DEBUG org.hibernate.type.BasicTypeRegistry - Adding type registration java.lang.Long -> org.hibernate.type.LongType@2efd2f21
23:33:53.594 [main] DEBUG org.hibernate.type.BasicTypeRegistry - Adding type registration float -> org.hibernate.type.FloatType@6909f6be
23:33:53.594 [main] DEBUG org.hibernate.type.BasicTypeRegistry - Adding type registration float -> org.hibernate.type.FloatType@6909f6be
23:33:53.594 [main] DEBUG org.hibernate.type.BasicTypeRegistry - Adding type registration java.lang.Float -> org.hibernate.type.FloatType@6909f6be
23:33:53.594 [main] DEBUG org.hibernate.type.BasicTypeRegistry - Adding type registration double -> org.hibernate.type.DoubleType@5bcec67e
23:33:53.595 [main] DEBUG org.hibernate.type.BasicTypeRegistry - Adding type registration double -> org.hibernate.type.DoubleType@5bcec67e
23:33:53.595 [main] DEBUG org.hibernate.type.BasicTypeRegistry - Adding type registration java.lang.Double -> org.hibernate.type.DoubleType@5bcec67e
23:33:53.595 [main] DEBUG org.hibernate.type.BasicTypeRegistry - Adding type registration big_decimal -> org.hibernate.type.BigDecimalType@721d5b74
23:33:53.597 [main] DEBUG org.hibernate.type.BasicTypeRegistry - Adding type registration java.math.BigDecimal -> org.hibernate.type.BigDecimalType@721d5b74
23:33:53.598 [main] DEBUG org.hibernate.type.BasicTypeRegistry - Adding type registration big_integer -> org.hibernate.type.BigIntegerType@202d9236
23:33:53.598 [main] DEBUG org.hibernate.type.BasicTypeRegistry - Adding type registration java.math.BigInteger -> org.hibernate.type.BigIntegerType@202d9236
23:33:53.599 [main] DEBUG org.hibernate.type.BasicTypeRegistry - Adding type registration string -> org.hibernate.type.StringType@7ecda95b
23:33:53.599 [main] DEBUG org.hibernate.type.BasicTypeRegistry - Adding type registration java.lang.String -> org.hibernate.type.StringType@7ecda95b
23:33:53.599 [main] DEBUG org.hibernate.type.BasicTypeRegistry - Adding type registration nstring -> org.hibernate.type.StringNVarcharType@62aeddc8
23:33:53.599 [main] DEBUG org.hibernate.type.BasicTypeRegistry - Adding type registration ncharacter -> org.hibernate.type.CharacterNCharType@6367a688
23:33:53.600 [main] DEBUG org.hibernate.type.BasicTypeRegistry - Adding type registration url -> org.hibernate.type.UrlType@357bc488
23:33:53.600 [main] DEBUG org.hibernate.type.BasicTypeRegistry - Adding type registration java.net.URL -> org.hibernate.type.UrlType@357bc488
23:33:53.600 [main] DEBUG org.hibernate.type.BasicTypeRegistry - Adding type registration Duration -> org.hibernate.type.DurationType@1af4955e
23:33:53.600 [main] DEBUG org.hibernate.type.BasicTypeRegistry - Adding type registration java.time.Duration -> org.hibernate.type.DurationType@1af4955e
23:33:53.601 [main] DEBUG org.hibernate.type.BasicTypeRegistry - Adding type registration Instant -> org.hibernate.type.InstantType@66e21568
23:33:53.601 [main] DEBUG org.hibernate.type.BasicTypeRegistry - Adding type registration java.time.Instant -> org.hibernate.type.InstantType@66e21568
23:33:53.601 [main] DEBUG org.hibernate.type.BasicTypeRegistry - Adding type registration LocalDateTime -> org.hibernate.type.LocalDateTimeType@3d615b2e
23:33:53.601 [main] DEBUG org.hibernate.type.BasicTypeRegistry - Adding type registration java.time.LocalDateTime -> org.hibernate.type.LocalDateTimeType@3d615b2e
23:33:53.601 [main] DEBUG org.hibernate.type.BasicTypeRegistry - Adding type registration LocalDate -> org.hibernate.type.LocalDateType@5efeb117
23:33:53.601 [main] DEBUG org.hibernate.type.BasicTypeRegistry - Adding type registration java.time.LocalDate -> org.hibernate.type.LocalDateType@5efeb117
23:33:53.602 [main] DEBUG org.hibernate.type.BasicTypeRegistry - Adding type registration LocalTime -> org.hibernate.type.LocalTimeType@5d508d22
23:33:53.602 [main] DEBUG org.hibernate.type.BasicTypeRegistry - Adding type registration java.time.LocalTime -> org.hibernate.type.LocalTimeType@5d508d22
23:33:53.602 [main] DEBUG org.hibernate.type.BasicTypeRegistry - Adding type registration OffsetDateTime -> org.hibernate.type.OffsetDateTimeType@35650279
23:33:53.602 [main] DEBUG org.hibernate.type.BasicTypeRegistry - Adding type registration java.time.OffsetDateTime -> org.hibernate.type.OffsetDateTimeType@35650279
23:33:53.602 [main] DEBUG org.hibernate.type.BasicTypeRegistry - Adding type registration OffsetTime -> org.hibernate.type.OffsetTimeType@faea4da
23:33:53.603 [main] DEBUG org.hibernate.type.BasicTypeRegistry - Adding type registration java.time.OffsetTime -> org.hibernate.type.OffsetTimeType@faea4da
23:33:53.606 [main] DEBUG org.hibernate.type.BasicTypeRegistry - Adding type registration ZonedDateTime -> org.hibernate.type.ZonedDateTimeType@3a7c678b
23:33:53.606 [main] DEBUG org.hibernate.type.BasicTypeRegistry - Adding type registration java.time.ZonedDateTime -> org.hibernate.type.ZonedDateTimeType@3a7c678b
23:33:53.607 [main] DEBUG org.hibernate.type.BasicTypeRegistry - Adding type registration date -> org.hibernate.type.DateType@4d464510
23:33:53.607 [main] DEBUG org.hibernate.type.BasicTypeRegistry - Adding type registration java.sql.Date -> org.hibernate.type.DateType@4d464510
23:33:53.608 [main] DEBUG org.hibernate.type.BasicTypeRegistry - Adding type registration time -> org.hibernate.type.TimeType@525b1b70
23:33:53.608 [main] DEBUG org.hibernate.type.BasicTypeRegistry - Adding type registration java.sql.Time -> org.hibernate.type.TimeType@525b1b70
23:33:53.608 [main] DEBUG org.hibernate.type.BasicTypeRegistry - Adding type registration timestamp -> org.hibernate.type.TimestampType@245253d8
23:33:53.608 [main] DEBUG org.hibernate.type.BasicTypeRegistry - Adding type registration java.sql.Timestamp -> org.hibernate.type.TimestampType@245253d8
23:33:53.608 [main] DEBUG org.hibernate.type.BasicTypeRegistry - Adding type registration java.util.Date -> org.hibernate.type.TimestampType@245253d8
23:33:53.609 [main] DEBUG org.hibernate.type.BasicTypeRegistry - Adding type registration dbtimestamp -> org.hibernate.type.DbTimestampType@3b481bf5
23:33:53.609 [main] DEBUG org.hibernate.type.BasicTypeRegistry - Adding type registration calendar -> org.hibernate.type.CalendarType@1d4f5506
23:33:53.609 [main] DEBUG org.hibernate.type.BasicTypeRegistry - Adding type registration java.util.Calendar -> org.hibernate.type.CalendarType@1d4f5506
23:33:53.609 [main] DEBUG org.hibernate.type.BasicTypeRegistry - Adding type registration java.util.GregorianCalendar -> org.hibernate.type.CalendarType@1d4f5506
23:33:53.609 [main] DEBUG org.hibernate.type.BasicTypeRegistry - Adding type registration calendar_date -> org.hibernate.type.CalendarDateType@21ea996f
23:33:53.610 [main] DEBUG org.hibernate.type.BasicTypeRegistry - Adding type registration calendar_time -> org.hibernate.type.CalendarTimeType@ea7a4c3
23:33:53.611 [main] DEBUG org.hibernate.type.BasicTypeRegistry - Adding type registration locale -> org.hibernate.type.LocaleType@a85644c
23:33:53.611 [main] DEBUG org.hibernate.type.BasicTypeRegistry - Adding type registration java.util.Locale -> org.hibernate.type.LocaleType@a85644c
23:33:53.611 [main] DEBUG org.hibernate.type.BasicTypeRegistry - Adding type registration currency -> org.hibernate.type.CurrencyType@515b9d4a
23:33:53.611 [main] DEBUG org.hibernate.type.BasicTypeRegistry - Adding type registration java.util.Currency -> org.hibernate.type.CurrencyType@515b9d4a
23:33:53.611 [main] DEBUG org.hibernate.type.BasicTypeRegistry - Adding type registration timezone -> org.hibernate.type.TimeZoneType@196624bf
23:33:53.611 [main] DEBUG org.hibernate.type.BasicTypeRegistry - Adding type registration java.util.TimeZone -> org.hibernate.type.TimeZoneType@196624bf
23:33:53.612 [main] DEBUG org.hibernate.type.BasicTypeRegistry - Adding type registration class -> org.hibernate.type.ClassType@160e99e0
23:33:53.612 [main] DEBUG org.hibernate.type.BasicTypeRegistry - Adding type registration java.lang.Class -> org.hibernate.type.ClassType@160e99e0
23:33:53.612 [main] DEBUG org.hibernate.type.BasicTypeRegistry - Adding type registration uuid-binary -> org.hibernate.type.UUIDBinaryType@3cc053
23:33:53.612 [main] DEBUG org.hibernate.type.BasicTypeRegistry - Adding type registration java.util.UUID -> org.hibernate.type.UUIDBinaryType@3cc053
23:33:53.612 [main] DEBUG org.hibernate.type.BasicTypeRegistry - Adding type registration uuid-char -> org.hibernate.type.UUIDCharType@7fdd43cd
23:33:53.613 [main] DEBUG org.hibernate.type.BasicTypeRegistry - Adding type registration binary -> org.hibernate.type.BinaryType@1e12a5a6
23:33:53.613 [main] DEBUG org.hibernate.type.BasicTypeRegistry - Adding type registration byte[] -> org.hibernate.type.BinaryType@1e12a5a6
23:33:53.613 [main] DEBUG org.hibernate.type.BasicTypeRegistry - Adding type registration [B -> org.hibernate.type.BinaryType@1e12a5a6
23:33:53.613 [main] DEBUG org.hibernate.type.BasicTypeRegistry - Adding type registration wrapper-binary -> org.hibernate.type.WrapperBinaryType@53aa2fc9
23:33:53.613 [main] DEBUG org.hibernate.type.BasicTypeRegistry - Adding type registration Byte[] -> org.hibernate.type.WrapperBinaryType@53aa2fc9
23:33:53.614 [main] DEBUG org.hibernate.type.BasicTypeRegistry - Adding type registration [Ljava.lang.Byte; -> org.hibernate.type.WrapperBinaryType@53aa2fc9
23:33:53.614 [main] DEBUG org.hibernate.type.BasicTypeRegistry - Adding type registration row_version -> org.hibernate.type.RowVersionType@2b80e5a9
23:33:53.614 [main] DEBUG org.hibernate.type.BasicTypeRegistry - Adding type registration image -> org.hibernate.type.ImageType@1ac6dd3d
23:33:53.614 [main] DEBUG org.hibernate.type.BasicTypeRegistry - Adding type registration characters -> org.hibernate.type.CharArrayType@499ee966
23:33:53.614 [main] DEBUG org.hibernate.type.BasicTypeRegistry - Adding type registration char[] -> org.hibernate.type.CharArrayType@499ee966
23:33:53.614 [main] DEBUG org.hibernate.type.BasicTypeRegistry - Adding type registration [C -> org.hibernate.type.CharArrayType@499ee966
23:33:53.615 [main] DEBUG org.hibernate.type.BasicTypeRegistry - Adding type registration wrapper-characters -> org.hibernate.type.CharacterArrayType@22825e1e
23:33:53.615 [main] DEBUG org.hibernate.type.BasicTypeRegistry - Adding type registration [Ljava.lang.Character; -> org.hibernate.type.CharacterArrayType@22825e1e
23:33:53.615 [main] DEBUG org.hibernate.type.BasicTypeRegistry - Adding type registration Character[] -> org.hibernate.type.CharacterArrayType@22825e1e
23:33:53.615 [main] DEBUG org.hibernate.type.BasicTypeRegistry - Adding type registration text -> org.hibernate.type.TextType@2d258eff
23:33:53.615 [main] DEBUG org.hibernate.type.BasicTypeRegistry - Adding type registration ntext -> org.hibernate.type.NTextType@4b56b031
23:33:53.616 [main] DEBUG org.hibernate.type.BasicTypeRegistry - Adding type registration blob -> org.hibernate.type.BlobType@32227215
23:33:53.616 [main] DEBUG org.hibernate.type.BasicTypeRegistry - Adding type registration java.sql.Blob -> org.hibernate.type.BlobType@32227215
23:33:53.616 [main] DEBUG org.hibernate.type.BasicTypeRegistry - Adding type registration materialized_blob -> org.hibernate.type.MaterializedBlobType@3d2f3dcb
23:33:53.616 [main] DEBUG org.hibernate.type.BasicTypeRegistry - Adding type registration clob -> org.hibernate.type.ClobType@bd3eff4
23:33:53.616 [main] DEBUG org.hibernate.type.BasicTypeRegistry - Adding type registration java.sql.Clob -> org.hibernate.type.ClobType@bd3eff4
23:33:53.617 [main] DEBUG org.hibernate.type.BasicTypeRegistry - Adding type registration nclob -> org.hibernate.type.NClobType@285005b8
23:33:53.617 [main] DEBUG org.hibernate.type.BasicTypeRegistry - Adding type registration java.sql.NClob -> org.hibernate.type.NClobType@285005b8
23:33:53.617 [main] DEBUG org.hibernate.type.BasicTypeRegistry - Adding type registration materialized_clob -> org.hibernate.type.MaterializedClobType@5b35c7d
23:33:53.617 [main] DEBUG org.hibernate.type.BasicTypeRegistry - Adding type registration materialized_nclob -> org.hibernate.type.MaterializedNClobType@49cd946c
23:33:53.618 [main] DEBUG org.hibernate.type.BasicTypeRegistry - Adding type registration serializable -> org.hibernate.type.SerializableType@50b46e24
23:33:53.619 [main] DEBUG org.hibernate.type.BasicTypeRegistry - Adding type registration object -> org.hibernate.type.ObjectType@7eeb38b2
23:33:53.619 [main] DEBUG org.hibernate.type.BasicTypeRegistry - Adding type registration java.lang.Object -> org.hibernate.type.ObjectType@7eeb38b2
23:33:53.619 [main] DEBUG org.hibernate.type.BasicTypeRegistry - Adding type registration imm_date -> org.hibernate.type.AdaptedImmutableType@739265f1
23:33:53.619 [main] DEBUG org.hibernate.type.BasicTypeRegistry - Adding type registration imm_time -> org.hibernate.type.AdaptedImmutableType@58eac00e
23:33:53.619 [main] DEBUG org.hibernate.type.BasicTypeRegistry - Adding type registration imm_timestamp -> org.hibernate.type.AdaptedImmutableType@6acffb2d
23:33:53.619 [main] DEBUG org.hibernate.type.BasicTypeRegistry - Adding type registration imm_dbtimestamp -> org.hibernate.type.AdaptedImmutableType@61149fa5
23:33:53.619 [main] DEBUG org.hibernate.type.BasicTypeRegistry - Adding type registration imm_calendar -> org.hibernate.type.AdaptedImmutableType@149c39b
23:33:53.619 [main] DEBUG org.hibernate.type.BasicTypeRegistry - Adding type registration imm_calendar_date -> org.hibernate.type.AdaptedImmutableType@f2d890c
23:33:53.620 [main] DEBUG org.hibernate.type.BasicTypeRegistry - Adding type registration imm_binary -> org.hibernate.type.AdaptedImmutableType@1a2e0d57
23:33:53.620 [main] DEBUG org.hibernate.type.BasicTypeRegistry - Adding type registration imm_serializable -> org.hibernate.type.AdaptedImmutableType@5f025000
23:33:53.637 [main] INFO  com.zaxxer.hikari.HikariDataSource - HikariPool-1 - Starting...
23:33:54.134 [main] INFO  com.zaxxer.hikari.HikariDataSource - HikariPool-1 - Start completed.
23:33:54.147 [main] INFO  org.hibernate.dialect.Dialect - HHH000400: Using dialect: org.hibernate.dialect.MySQL8Dialect
23:33:54.229 [main] DEBUG o.h.type.spi.TypeConfiguration$Scope - Scoping TypeConfiguration [org.hibernate.type.spi.TypeConfiguration@586843bc] to MetadataBuildingContext [org.hibernate.boot.internal.MetadataBuildingContextRootImpl@17134190]
23:33:54.383 [main] DEBUG o.h.type.spi.TypeConfiguration$Scope - Scoping TypeConfiguration [org.hibernate.type.spi.TypeConfiguration@586843bc] to SessionFactoryImpl [org.hibernate.internal.SessionFactoryImpl@7740b0ab]
23:33:54.755 [main] INFO  o.h.e.t.j.p.i.JtaPlatformInitiator - HHH000490: Using JtaPlatform implementation: [org.hibernate.engine.transaction.jta.platform.internal.NoJtaPlatform]
23:33:54.762 [main] TRACE o.h.type.spi.TypeConfiguration$Scope - Handling #sessionFactoryCreated from [org.hibernate.internal.SessionFactoryImpl@7740b0ab] for TypeConfiguration
23:33:54.764 [main] INFO  o.s.o.j.LocalContainerEntityManagerFactoryBean - Initialized JPA EntityManagerFactory for persistence unit 'default'
23:33:55.408 [main] INFO  o.s.b.w.e.tomcat.TomcatWebServer - Tomcat started on port(s): 8080 (http) with context path ''
23:33:55.419 [main] INFO  c.p.s.SpringBootBoardApplication - Started SpringBootBoardApplication in 3.832 seconds (JVM running for 5.264)
23:34:52.799 [http-nio-8080-exec-2] INFO  o.a.c.c.C.[Tomcat].[localhost].[/] - Initializing Spring DispatcherServlet 'dispatcherServlet'
23:34:52.800 [http-nio-8080-exec-2] INFO  o.s.web.servlet.DispatcherServlet - Initializing Servlet 'dispatcherServlet'
23:34:52.803 [http-nio-8080-exec-2] INFO  o.s.web.servlet.DispatcherServlet - Completed initialization in 3 ms
23:34:52.834 [http-nio-8080-exec-2] INFO  c.p.s.controller.PostController - PostController.getPost called with id: 1
23:34:52.894 [http-nio-8080-exec-2] INFO  c.p.s.service.PostService - readPost called with id: 1
23:34:52.924 [http-nio-8080-exec-2] DEBUG org.hibernate.SQL - 
    select
        post0_.id as id1_0_0_,
        user1_.id as id1_1_1_,
        post0_.created_at as created_2_0_0_,
        post0_.content as content3_0_0_,
        post0_.title as title4_0_0_,
        post0_.user_id as user_id5_0_0_,
        user1_.created_at as created_2_1_1_,
        user1_.age as age3_1_1_,
        user1_.hobby as hobby4_1_1_,
        user1_.name as name5_1_1_ 
    from
        posts post0_ 
    left outer join
        users user1_ 
            on post0_.user_id=user1_.id 
    where
        post0_.id=?
23:34:52.927 [http-nio-8080-exec-2] TRACE o.h.type.descriptor.sql.BasicBinder - binding parameter [1] as [BIGINT] - [1]
23:34:52.971 [http-nio-8080-exec-2] TRACE o.h.t.descriptor.sql.BasicExtractor - extracted value ([id1_0_0_] : [BIGINT]) - [1]
23:34:52.972 [http-nio-8080-exec-2] TRACE o.h.t.descriptor.sql.BasicExtractor - extracted value ([id1_1_1_] : [BIGINT]) - [1]
23:34:52.977 [http-nio-8080-exec-2] TRACE o.h.t.descriptor.sql.BasicExtractor - extracted value ([created_2_0_0_] : [TIMESTAMP]) - [2021-10-13T08:54:21]
23:34:52.977 [http-nio-8080-exec-2] TRACE o.h.t.descriptor.sql.BasicExtractor - extracted value ([content3_0_0_] : [VARCHAR]) - [content1]
23:34:52.977 [http-nio-8080-exec-2] TRACE o.h.t.descriptor.sql.BasicExtractor - extracted value ([title4_0_0_] : [VARCHAR]) - [title1]
23:34:52.978 [http-nio-8080-exec-2] TRACE o.h.t.descriptor.sql.BasicExtractor - extracted value ([user_id5_0_0_] : [BIGINT]) - [1]
23:34:52.978 [http-nio-8080-exec-2] TRACE o.h.t.descriptor.sql.BasicExtractor - extracted value ([created_2_1_1_] : [TIMESTAMP]) - [2021-10-13T08:54:21]
23:34:52.979 [http-nio-8080-exec-2] TRACE o.h.t.descriptor.sql.BasicExtractor - extracted value ([age3_1_1_] : [INTEGER]) - [20]
23:34:52.979 [http-nio-8080-exec-2] TRACE o.h.t.descriptor.sql.BasicExtractor - extracted value ([hobby4_1_1_] : [VARCHAR]) - [coding]
23:34:52.979 [http-nio-8080-exec-2] TRACE o.h.t.descriptor.sql.BasicExtractor - extracted value ([name5_1_1_] : [VARCHAR]) - [dongsubkim]
23:53:15.159 [SpringApplicationShutdownHook] INFO  o.s.o.j.LocalContainerEntityManagerFactoryBean - Closing JPA EntityManagerFactory for persistence unit 'default'
23:53:15.167 [SpringApplicationShutdownHook] TRACE o.h.type.spi.TypeConfiguration$Scope - Handling #sessionFactoryClosed from [org.hibernate.internal.SessionFactoryImpl@7740b0ab] for TypeConfiguration
23:53:15.168 [SpringApplicationShutdownHook] DEBUG o.h.type.spi.TypeConfiguration$Scope - Un-scoping TypeConfiguration [org.hibernate.type.spi.TypeConfiguration$Scope@572a3815] from SessionFactory [org.hibernate.internal.SessionFactoryImpl@7740b0ab]
23:53:15.177 [SpringApplicationShutdownHook] INFO  com.zaxxer.hikari.HikariDataSource - HikariPool-1 - Shutdown initiated...
23:53:15.262 [SpringApplicationShutdownHook] INFO  com.zaxxer.hikari.HikariDataSource - HikariPool-1 - Shutdown completed.
23:55:14.276 [main] INFO  c.p.s.SpringBootBoardApplication - Starting SpringBootBoardApplication using Java 17 on gimdongseobs-MacBook-Air.local with PID 50240 (/Users/dskim/Study/KDT/Assignments/SpringBoot-Board/build/classes/java/main started by dskim in /Users/dskim/Study/KDT/Assignments/SpringBoot-Board)
23:55:14.278 [main] INFO  c.p.s.SpringBootBoardApplication - The following profiles are active: local
23:55:15.010 [main] INFO  o.s.d.r.c.RepositoryConfigurationDelegate - Bootstrapping Spring Data JPA repositories in DEFAULT mode.
23:55:15.074 [main] INFO  o.s.d.r.c.RepositoryConfigurationDelegate - Finished Spring Data repository scanning in 57 ms. Found 2 JPA repository interfaces.
23:55:15.638 [main] INFO  o.s.b.w.e.tomcat.TomcatWebServer - Tomcat initialized with port(s): 8080 (http)
23:55:15.647 [main] INFO  o.a.catalina.core.StandardService - Starting service [Tomcat]
23:55:15.647 [main] INFO  o.a.catalina.core.StandardEngine - Starting Servlet engine: [Apache Tomcat/9.0.53]
23:55:15.753 [main] INFO  o.a.c.c.C.[Tomcat].[localhost].[/] - Initializing Spring embedded WebApplicationContext
23:55:15.753 [main] INFO  o.s.b.w.s.c.ServletWebServerApplicationContext - Root WebApplicationContext: initialization completed in 1395 ms
23:55:15.911 [main] INFO  o.h.jpa.internal.util.LogHelper - HHH000204: Processing PersistenceUnitInfo [name: default]
23:55:15.947 [main] INFO  org.hibernate.Version - HHH000412: Hibernate ORM core version 5.4.32.Final
23:55:16.026 [main] INFO  o.h.annotations.common.Version - HCANN000001: Hibernate Commons Annotations {5.1.2.Final}
23:55:16.040 [main] DEBUG org.hibernate.type.BasicTypeRegistry - Adding type registration boolean -> org.hibernate.type.BooleanType@5921b93c
23:55:16.040 [main] DEBUG org.hibernate.type.BasicTypeRegistry - Adding type registration boolean -> org.hibernate.type.BooleanType@5921b93c
23:55:16.040 [main] DEBUG org.hibernate.type.BasicTypeRegistry - Adding type registration java.lang.Boolean -> org.hibernate.type.BooleanType@5921b93c
23:55:16.040 [main] DEBUG org.hibernate.type.BasicTypeRegistry - Adding type registration numeric_boolean -> org.hibernate.type.NumericBooleanType@69f2cb04
23:55:16.040 [main] DEBUG org.hibernate.type.BasicTypeRegistry - Adding type registration true_false -> org.hibernate.type.TrueFalseType@3a7c678b
23:55:16.044 [main] DEBUG org.hibernate.type.BasicTypeRegistry - Adding type registration yes_no -> org.hibernate.type.YesNoType@4f93bf0a
23:55:16.045 [main] DEBUG org.hibernate.type.BasicTypeRegistry - Adding type registration byte -> org.hibernate.type.ByteType@7f3ca64a
23:55:16.045 [main] DEBUG org.hibernate.type.BasicTypeRegistry - Adding type registration byte -> org.hibernate.type.ByteType@7f3ca64a
23:55:16.045 [main] DEBUG org.hibernate.type.BasicTypeRegistry - Adding type registration java.lang.Byte -> org.hibernate.type.ByteType@7f3ca64a
23:55:16.045 [main] DEBUG org.hibernate.type.BasicTypeRegistry - Adding type registration character -> org.hibernate.type.CharacterType@77724cbe
23:55:16.046 [main] DEBUG org.hibernate.type.BasicTypeRegistry - Adding type registration char -> org.hibernate.type.CharacterType@77724cbe
23:55:16.046 [main] DEBUG org.hibernate.type.BasicTypeRegistry - Adding type registration java.lang.Character -> org.hibernate.type.CharacterType@77724cbe
23:55:16.046 [main] DEBUG org.hibernate.type.BasicTypeRegistry - Adding type registration short -> org.hibernate.type.ShortType@6c977dcf
23:55:16.047 [main] DEBUG org.hibernate.type.BasicTypeRegistry - Adding type registration short -> org.hibernate.type.ShortType@6c977dcf
23:55:16.047 [main] DEBUG org.hibernate.type.BasicTypeRegistry - Adding type registration java.lang.Short -> org.hibernate.type.ShortType@6c977dcf
23:55:16.047 [main] DEBUG org.hibernate.type.BasicTypeRegistry - Adding type registration integer -> org.hibernate.type.IntegerType@245253d8
23:55:16.047 [main] DEBUG org.hibernate.type.BasicTypeRegistry - Adding type registration int -> org.hibernate.type.IntegerType@245253d8
23:55:16.047 [main] DEBUG org.hibernate.type.BasicTypeRegistry - Adding type registration java.lang.Integer -> org.hibernate.type.IntegerType@245253d8
23:55:16.048 [main] DEBUG org.hibernate.type.BasicTypeRegistry - Adding type registration long -> org.hibernate.type.LongType@787e4357
23:55:16.048 [main] DEBUG org.hibernate.type.BasicTypeRegistry - Adding type registration long -> org.hibernate.type.LongType@787e4357
23:55:16.048 [main] DEBUG org.hibernate.type.BasicTypeRegistry - Adding type registration java.lang.Long -> org.hibernate.type.LongType@787e4357
23:55:16.048 [main] DEBUG org.hibernate.type.BasicTypeRegistry - Adding type registration float -> org.hibernate.type.FloatType@1d4f5506
23:55:16.048 [main] DEBUG org.hibernate.type.BasicTypeRegistry - Adding type registration float -> org.hibernate.type.FloatType@1d4f5506
23:55:16.048 [main] DEBUG org.hibernate.type.BasicTypeRegistry - Adding type registration java.lang.Float -> org.hibernate.type.FloatType@1d4f5506
23:55:16.049 [main] DEBUG org.hibernate.type.BasicTypeRegistry - Adding type registration double -> org.hibernate.type.DoubleType@21ea996f
23:55:16.049 [main] DEBUG org.hibernate.type.BasicTypeRegistry - Adding type registration double -> org.hibernate.type.DoubleType@21ea996f
23:55:16.049 [main] DEBUG org.hibernate.type.BasicTypeRegistry - Adding type registration java.lang.Double -> org.hibernate.type.DoubleType@21ea996f
23:55:16.050 [main] DEBUG org.hibernate.type.BasicTypeRegistry - Adding type registration big_decimal -> org.hibernate.type.BigDecimalType@ea7a4c3
23:55:16.052 [main] DEBUG org.hibernate.type.BasicTypeRegistry - Adding type registration java.math.BigDecimal -> org.hibernate.type.BigDecimalType@ea7a4c3
23:55:16.053 [main] DEBUG org.hibernate.type.BasicTypeRegistry - Adding type registration big_integer -> org.hibernate.type.BigIntegerType@a85644c
23:55:16.053 [main] DEBUG org.hibernate.type.BasicTypeRegistry - Adding type registration java.math.BigInteger -> org.hibernate.type.BigIntegerType@a85644c
23:55:16.054 [main] DEBUG org.hibernate.type.BasicTypeRegistry - Adding type registration string -> org.hibernate.type.StringType@515b9d4a
23:55:16.054 [main] DEBUG org.hibernate.type.BasicTypeRegistry - Adding type registration java.lang.String -> org.hibernate.type.StringType@515b9d4a
23:55:16.054 [main] DEBUG org.hibernate.type.BasicTypeRegistry - Adding type registration nstring -> org.hibernate.type.StringNVarcharType@23cd5d42
23:55:16.054 [main] DEBUG org.hibernate.type.BasicTypeRegistry - Adding type registration ncharacter -> org.hibernate.type.CharacterNCharType@50085d9c
23:55:16.054 [main] DEBUG org.hibernate.type.BasicTypeRegistry - Adding type registration url -> org.hibernate.type.UrlType@4f3e9fbb
23:55:16.054 [main] DEBUG org.hibernate.type.BasicTypeRegistry - Adding type registration java.net.URL -> org.hibernate.type.UrlType@4f3e9fbb
23:55:16.055 [main] DEBUG org.hibernate.type.BasicTypeRegistry - Adding type registration Duration -> org.hibernate.type.DurationType@388c519
23:55:16.055 [main] DEBUG org.hibernate.type.BasicTypeRegistry - Adding type registration java.time.Duration -> org.hibernate.type.DurationType@388c519
23:55:16.055 [main] DEBUG org.hibernate.type.BasicTypeRegistry - Adding type registration Instant -> org.hibernate.type.InstantType@9b47400
23:55:16.056 [main] DEBUG org.hibernate.type.BasicTypeRegistry - Adding type registration java.time.Instant -> org.hibernate.type.InstantType@9b47400
23:55:16.057 [main] DEBUG org.hibernate.type.BasicTypeRegistry - Adding type registration LocalDateTime -> org.hibernate.type.LocalDateTimeType@4877919f
23:55:16.057 [main] DEBUG org.hibernate.type.BasicTypeRegistry - Adding type registration java.time.LocalDateTime -> org.hibernate.type.LocalDateTimeType@4877919f
23:55:16.058 [main] DEBUG org.hibernate.type.BasicTypeRegistry - Adding type registration LocalDate -> org.hibernate.type.LocalDateType@4792f119
23:55:16.062 [main] DEBUG org.hibernate.type.BasicTypeRegistry - Adding type registration java.time.LocalDate -> org.hibernate.type.LocalDateType@4792f119
23:55:16.063 [main] DEBUG org.hibernate.type.BasicTypeRegistry - Adding type registration LocalTime -> org.hibernate.type.LocalTimeType@4cc01c7f
23:55:16.063 [main] DEBUG org.hibernate.type.BasicTypeRegistry - Adding type registration java.time.LocalTime -> org.hibernate.type.LocalTimeType@4cc01c7f
23:55:16.063 [main] DEBUG org.hibernate.type.BasicTypeRegistry - Adding type registration OffsetDateTime -> org.hibernate.type.OffsetDateTimeType@5d5c41e5
23:55:16.063 [main] DEBUG org.hibernate.type.BasicTypeRegistry - Adding type registration java.time.OffsetDateTime -> org.hibernate.type.OffsetDateTimeType@5d5c41e5
23:55:16.064 [main] DEBUG org.hibernate.type.BasicTypeRegistry - Adding type registration OffsetTime -> org.hibernate.type.OffsetTimeType@4cdba2ed
23:55:16.064 [main] DEBUG org.hibernate.type.BasicTypeRegistry - Adding type registration java.time.OffsetTime -> org.hibernate.type.OffsetTimeType@4cdba2ed
23:55:16.064 [main] DEBUG org.hibernate.type.BasicTypeRegistry - Adding type registration ZonedDateTime -> org.hibernate.type.ZonedDateTimeType@2d258eff
23:55:16.064 [main] DEBUG org.hibernate.type.BasicTypeRegistry - Adding type registration java.time.ZonedDateTime -> org.hibernate.type.ZonedDateTimeType@2d258eff
23:55:16.065 [main] DEBUG org.hibernate.type.BasicTypeRegistry - Adding type registration date -> org.hibernate.type.DateType@741ac284
23:55:16.065 [main] DEBUG org.hibernate.type.BasicTypeRegistry - Adding type registration java.sql.Date -> org.hibernate.type.DateType@741ac284
23:55:16.066 [main] DEBUG org.hibernate.type.BasicTypeRegistry - Adding type registration time -> org.hibernate.type.TimeType@59845579
23:55:16.066 [main] DEBUG org.hibernate.type.BasicTypeRegistry - Adding type registration java.sql.Time -> org.hibernate.type.TimeType@59845579
23:55:16.066 [main] DEBUG org.hibernate.type.BasicTypeRegistry - Adding type registration timestamp -> org.hibernate.type.TimestampType@674da77b
23:55:16.066 [main] DEBUG org.hibernate.type.BasicTypeRegistry - Adding type registration java.sql.Timestamp -> org.hibernate.type.TimestampType@674da77b
23:55:16.066 [main] DEBUG org.hibernate.type.BasicTypeRegistry - Adding type registration java.util.Date -> org.hibernate.type.TimestampType@674da77b
23:55:16.067 [main] DEBUG org.hibernate.type.BasicTypeRegistry - Adding type registration dbtimestamp -> org.hibernate.type.DbTimestampType@5348d83c
23:55:16.068 [main] DEBUG org.hibernate.type.BasicTypeRegistry - Adding type registration calendar -> org.hibernate.type.CalendarType@5b1efaaf
23:55:16.068 [main] DEBUG org.hibernate.type.BasicTypeRegistry - Adding type registration java.util.Calendar -> org.hibernate.type.CalendarType@5b1efaaf
23:55:16.068 [main] DEBUG org.hibernate.type.BasicTypeRegistry - Adding type registration java.util.GregorianCalendar -> org.hibernate.type.CalendarType@5b1efaaf
23:55:16.068 [main] DEBUG org.hibernate.type.BasicTypeRegistry - Adding type registration calendar_date -> org.hibernate.type.CalendarDateType@4c731956
23:55:16.068 [main] DEBUG org.hibernate.type.BasicTypeRegistry - Adding type registration calendar_time -> org.hibernate.type.CalendarTimeType@4e140497
23:55:16.072 [main] DEBUG org.hibernate.type.BasicTypeRegistry - Adding type registration locale -> org.hibernate.type.LocaleType@50b46e24
23:55:16.072 [main] DEBUG org.hibernate.type.BasicTypeRegistry - Adding type registration java.util.Locale -> org.hibernate.type.LocaleType@50b46e24
23:55:16.073 [main] DEBUG org.hibernate.type.BasicTypeRegistry - Adding type registration currency -> org.hibernate.type.CurrencyType@4fba8eec
23:55:16.073 [main] DEBUG org.hibernate.type.BasicTypeRegistry - Adding type registration java.util.Currency -> org.hibernate.type.CurrencyType@4fba8eec
23:55:16.073 [main] DEBUG org.hibernate.type.BasicTypeRegistry - Adding type registration timezone -> org.hibernate.type.TimeZoneType@5696c927
23:55:16.073 [main] DEBUG org.hibernate.type.BasicTypeRegistry - Adding type registration java.util.TimeZone -> org.hibernate.type.TimeZoneType@5696c927
23:55:16.074 [main] DEBUG org.hibernate.type.BasicTypeRegistry - Adding type registration class -> org.hibernate.type.ClassType@58eac00e
23:55:16.074 [main] DEBUG org.hibernate.type.BasicTypeRegistry - Adding type registration java.lang.Class -> org.hibernate.type.ClassType@58eac00e
23:55:16.074 [main] DEBUG org.hibernate.type.BasicTypeRegistry - Adding type registration uuid-binary -> org.hibernate.type.UUIDBinaryType@10980560
23:55:16.074 [main] DEBUG org.hibernate.type.BasicTypeRegistry - Adding type registration java.util.UUID -> org.hibernate.type.UUIDBinaryType@10980560
23:55:16.075 [main] DEBUG org.hibernate.type.BasicTypeRegistry - Adding type registration uuid-char -> org.hibernate.type.UUIDCharType@49c099b
23:55:16.075 [main] DEBUG org.hibernate.type.BasicTypeRegistry - Adding type registration binary -> org.hibernate.type.BinaryType@58f31629
23:55:16.075 [main] DEBUG org.hibernate.type.BasicTypeRegistry - Adding type registration byte[] -> org.hibernate.type.BinaryType@58f31629
23:55:16.075 [main] DEBUG org.hibernate.type.BasicTypeRegistry - Adding type registration [B -> org.hibernate.type.BinaryType@58f31629
23:55:16.076 [main] DEBUG org.hibernate.type.BasicTypeRegistry - Adding type registration wrapper-binary -> org.hibernate.type.WrapperBinaryType@4971f459
23:55:16.076 [main] DEBUG org.hibernate.type.BasicTypeRegistry - Adding type registration Byte[] -> org.hibernate.type.WrapperBinaryType@4971f459
23:55:16.076 [main] DEBUG org.hibernate.type.BasicTypeRegistry - Adding type registration [Ljava.lang.Byte; -> org.hibernate.type.WrapperBinaryType@4971f459
23:55:16.077 [main] DEBUG org.hibernate.type.BasicTypeRegistry - Adding type registration row_version -> org.hibernate.type.RowVersionType@6f1c3f18
23:55:16.077 [main] DEBUG org.hibernate.type.BasicTypeRegistry - Adding type registration image -> org.hibernate.type.ImageType@54af3cb9
23:55:16.077 [main] DEBUG org.hibernate.type.BasicTypeRegistry - Adding type registration characters -> org.hibernate.type.CharArrayType@11d4d979
23:55:16.077 [main] DEBUG org.hibernate.type.BasicTypeRegistry - Adding type registration char[] -> org.hibernate.type.CharArrayType@11d4d979
23:55:16.077 [main] DEBUG org.hibernate.type.BasicTypeRegistry - Adding type registration [C -> org.hibernate.type.CharArrayType@11d4d979
23:55:16.078 [main] DEBUG org.hibernate.type.BasicTypeRegistry - Adding type registration wrapper-characters -> org.hibernate.type.CharacterArrayType@70716259
23:55:16.078 [main] DEBUG org.hibernate.type.BasicTypeRegistry - Adding type registration [Ljava.lang.Character; -> org.hibernate.type.CharacterArrayType@70716259
23:55:16.078 [main] DEBUG org.hibernate.type.BasicTypeRegistry - Adding type registration Character[] -> org.hibernate.type.CharacterArrayType@70716259
23:55:16.078 [main] DEBUG org.hibernate.type.BasicTypeRegistry - Adding type registration text -> org.hibernate.type.TextType@57f8951a
23:55:16.078 [main] DEBUG org.hibernate.type.BasicTypeRegistry - Adding type registration ntext -> org.hibernate.type.NTextType@1b4872bc
23:55:16.079 [main] DEBUG org.hibernate.type.BasicTypeRegistry - Adding type registration blob -> org.hibernate.type.BlobType@7b222230
23:55:16.079 [main] DEBUG org.hibernate.type.BasicTypeRegistry - Adding type registration java.sql.Blob -> org.hibernate.type.BlobType@7b222230
23:55:16.079 [main] DEBUG org.hibernate.type.BasicTypeRegistry - Adding type registration materialized_blob -> org.hibernate.type.MaterializedBlobType@7df6d663
23:55:16.079 [main] DEBUG org.hibernate.type.BasicTypeRegistry - Adding type registration clob -> org.hibernate.type.ClobType@741741d0
23:55:16.079 [main] DEBUG org.hibernate.type.BasicTypeRegistry - Adding type registration java.sql.Clob -> org.hibernate.type.ClobType@741741d0
23:55:16.080 [main] DEBUG org.hibernate.type.BasicTypeRegistry - Adding type registration nclob -> org.hibernate.type.NClobType@4f7be6c8
23:55:16.080 [main] DEBUG org.hibernate.type.BasicTypeRegistry - Adding type registration java.sql.NClob -> org.hibernate.type.NClobType@4f7be6c8
23:55:16.080 [main] DEBUG org.hibernate.type.BasicTypeRegistry - Adding type registration materialized_clob -> org.hibernate.type.MaterializedClobType@59303963
23:55:16.080 [main] DEBUG org.hibernate.type.BasicTypeRegistry - Adding type registration materialized_nclob -> org.hibernate.type.MaterializedNClobType@4b033eac
23:55:16.081 [main] DEBUG org.hibernate.type.BasicTypeRegistry - Adding type registration serializable -> org.hibernate.type.SerializableType@76437e9b
23:55:16.082 [main] DEBUG org.hibernate.type.BasicTypeRegistry - Adding type registration object -> org.hibernate.type.ObjectType@798deee8
23:55:16.082 [main] DEBUG org.hibernate.type.BasicTypeRegistry - Adding type registration java.lang.Object -> org.hibernate.type.ObjectType@798deee8
23:55:16.083 [main] DEBUG org.hibernate.type.BasicTypeRegistry - Adding type registration imm_date -> org.hibernate.type.AdaptedImmutableType@3434a4f0
23:55:16.083 [main] DEBUG org.hibernate.type.BasicTypeRegistry - Adding type registration imm_time -> org.hibernate.type.AdaptedImmutableType@79afa369
23:55:16.083 [main] DEBUG org.hibernate.type.BasicTypeRegistry - Adding type registration imm_timestamp -> org.hibernate.type.AdaptedImmutableType@3b9ac754
23:55:16.083 [main] DEBUG org.hibernate.type.BasicTypeRegistry - Adding type registration imm_dbtimestamp -> org.hibernate.type.AdaptedImmutableType@5e002356
23:55:16.083 [main] DEBUG org.hibernate.type.BasicTypeRegistry - Adding type registration imm_calendar -> org.hibernate.type.AdaptedImmutableType@4f820f42
23:55:16.083 [main] DEBUG org.hibernate.type.BasicTypeRegistry - Adding type registration imm_calendar_date -> org.hibernate.type.AdaptedImmutableType@4b325930
23:55:16.083 [main] DEBUG org.hibernate.type.BasicTypeRegistry - Adding type registration imm_binary -> org.hibernate.type.AdaptedImmutableType@267f9765
23:55:16.083 [main] DEBUG org.hibernate.type.BasicTypeRegistry - Adding type registration imm_serializable -> org.hibernate.type.AdaptedImmutableType@79ba0a6f
23:55:16.110 [main] INFO  com.zaxxer.hikari.HikariDataSource - HikariPool-1 - Starting...
23:55:16.627 [main] INFO  com.zaxxer.hikari.HikariDataSource - HikariPool-1 - Start completed.
23:55:16.650 [main] INFO  org.hibernate.dialect.Dialect - HHH000400: Using dialect: org.hibernate.dialect.MySQL8Dialect
23:55:16.749 [main] DEBUG o.h.type.spi.TypeConfiguration$Scope - Scoping TypeConfiguration [org.hibernate.type.spi.TypeConfiguration@14b95942] to MetadataBuildingContext [org.hibernate.boot.internal.MetadataBuildingContextRootImpl@3375b118]
23:55:16.919 [main] DEBUG o.h.type.spi.TypeConfiguration$Scope - Scoping TypeConfiguration [org.hibernate.type.spi.TypeConfiguration@14b95942] to SessionFactoryImpl [org.hibernate.internal.SessionFactoryImpl@d8e4250]
23:55:17.333 [main] INFO  o.h.e.t.j.p.i.JtaPlatformInitiator - HHH000490: Using JtaPlatform implementation: [org.hibernate.engine.transaction.jta.platform.internal.NoJtaPlatform]
23:55:17.347 [main] TRACE o.h.type.spi.TypeConfiguration$Scope - Handling #sessionFactoryCreated from [org.hibernate.internal.SessionFactoryImpl@d8e4250] for TypeConfiguration
23:55:17.350 [main] INFO  o.s.o.j.LocalContainerEntityManagerFactoryBean - Initialized JPA EntityManagerFactory for persistence unit 'default'
23:55:18.100 [main] INFO  o.s.b.w.e.tomcat.TomcatWebServer - Tomcat started on port(s): 8080 (http) with context path ''
23:55:18.109 [main] INFO  c.p.s.SpringBootBoardApplication - Started SpringBootBoardApplication in 4.639 seconds (JVM running for 5.384)
23:55:32.835 [SpringApplicationShutdownHook] INFO  o.s.o.j.LocalContainerEntityManagerFactoryBean - Closing JPA EntityManagerFactory for persistence unit 'default'
23:55:32.836 [SpringApplicationShutdownHook] TRACE o.h.type.spi.TypeConfiguration$Scope - Handling #sessionFactoryClosed from [org.hibernate.internal.SessionFactoryImpl@d8e4250] for TypeConfiguration
23:55:32.837 [SpringApplicationShutdownHook] DEBUG o.h.type.spi.TypeConfiguration$Scope - Un-scoping TypeConfiguration [org.hibernate.type.spi.TypeConfiguration$Scope@7e81ec60] from SessionFactory [org.hibernate.internal.SessionFactoryImpl@d8e4250]
23:55:32.842 [SpringApplicationShutdownHook] INFO  com.zaxxer.hikari.HikariDataSource - HikariPool-1 - Shutdown initiated...
23:55:32.905 [SpringApplicationShutdownHook] INFO  com.zaxxer.hikari.HikariDataSource - HikariPool-1 - Shutdown completed.
00:29:13.313 [main] INFO  c.p.s.SpringBootBoardApplication - Starting SpringBootBoardApplication using Java 17 on gimdongseobs-MacBook-Air.local with PID 50708 (/Users/dskim/Study/KDT/Assignments/SpringBoot-Board/build/classes/java/main started by dskim in /Users/dskim/Study/KDT/Assignments/SpringBoot-Board)
00:29:13.319 [main] INFO  c.p.s.SpringBootBoardApplication - The following profiles are active: local
00:29:14.051 [main] INFO  o.s.d.r.c.RepositoryConfigurationDelegate - Bootstrapping Spring Data JPA repositories in DEFAULT mode.
00:29:14.093 [main] INFO  o.s.d.r.c.RepositoryConfigurationDelegate - Finished Spring Data repository scanning in 35 ms. Found 2 JPA repository interfaces.
00:29:14.632 [main] INFO  o.s.b.w.e.tomcat.TomcatWebServer - Tomcat initialized with port(s): 8080 (http)
00:29:14.638 [main] INFO  o.a.catalina.core.StandardService - Starting service [Tomcat]
00:29:14.638 [main] INFO  o.a.catalina.core.StandardEngine - Starting Servlet engine: [Apache Tomcat/9.0.53]
00:29:14.709 [main] INFO  o.a.c.c.C.[Tomcat].[localhost].[/] - Initializing Spring embedded WebApplicationContext
00:29:14.710 [main] INFO  o.s.b.w.s.c.ServletWebServerApplicationContext - Root WebApplicationContext: initialization completed in 1319 ms
00:29:14.846 [main] INFO  o.h.jpa.internal.util.LogHelper - HHH000204: Processing PersistenceUnitInfo [name: default]
00:29:14.873 [main] INFO  org.hibernate.Version - HHH000412: Hibernate ORM core version 5.4.32.Final
00:29:14.933 [main] INFO  o.h.annotations.common.Version - HCANN000001: Hibernate Commons Annotations {5.1.2.Final}
00:29:14.944 [main] DEBUG org.hibernate.type.BasicTypeRegistry - Adding type registration boolean -> org.hibernate.type.BooleanType@5c6a5192
00:29:14.945 [main] DEBUG org.hibernate.type.BasicTypeRegistry - Adding type registration boolean -> org.hibernate.type.BooleanType@5c6a5192
00:29:14.945 [main] DEBUG org.hibernate.type.BasicTypeRegistry - Adding type registration java.lang.Boolean -> org.hibernate.type.BooleanType@5c6a5192
00:29:14.945 [main] DEBUG org.hibernate.type.BasicTypeRegistry - Adding type registration numeric_boolean -> org.hibernate.type.NumericBooleanType@151732fb
00:29:14.945 [main] DEBUG org.hibernate.type.BasicTypeRegistry - Adding type registration true_false -> org.hibernate.type.TrueFalseType@feb098f
00:29:14.946 [main] DEBUG org.hibernate.type.BasicTypeRegistry - Adding type registration yes_no -> org.hibernate.type.YesNoType@7e7743ec
00:29:14.947 [main] DEBUG org.hibernate.type.BasicTypeRegistry - Adding type registration byte -> org.hibernate.type.ByteType@310b2b6f
00:29:14.947 [main] DEBUG org.hibernate.type.BasicTypeRegistry - Adding type registration byte -> org.hibernate.type.ByteType@310b2b6f
00:29:14.947 [main] DEBUG org.hibernate.type.BasicTypeRegistry - Adding type registration java.lang.Byte -> org.hibernate.type.ByteType@310b2b6f
00:29:14.948 [main] DEBUG org.hibernate.type.BasicTypeRegistry - Adding type registration character -> org.hibernate.type.CharacterType@5ef85555
00:29:14.948 [main] DEBUG org.hibernate.type.BasicTypeRegistry - Adding type registration char -> org.hibernate.type.CharacterType@5ef85555
00:29:14.948 [main] DEBUG org.hibernate.type.BasicTypeRegistry - Adding type registration java.lang.Character -> org.hibernate.type.CharacterType@5ef85555
00:29:14.948 [main] DEBUG org.hibernate.type.BasicTypeRegistry - Adding type registration short -> org.hibernate.type.ShortType@1f66d8e1
00:29:14.948 [main] DEBUG org.hibernate.type.BasicTypeRegistry - Adding type registration short -> org.hibernate.type.ShortType@1f66d8e1
00:29:14.948 [main] DEBUG org.hibernate.type.BasicTypeRegistry - Adding type registration java.lang.Short -> org.hibernate.type.ShortType@1f66d8e1
00:29:14.948 [main] DEBUG org.hibernate.type.BasicTypeRegistry - Adding type registration integer -> org.hibernate.type.IntegerType@764b14b8
00:29:14.949 [main] DEBUG org.hibernate.type.BasicTypeRegistry - Adding type registration int -> org.hibernate.type.IntegerType@764b14b8
00:29:14.949 [main] DEBUG org.hibernate.type.BasicTypeRegistry - Adding type registration java.lang.Integer -> org.hibernate.type.IntegerType@764b14b8
00:29:14.949 [main] DEBUG org.hibernate.type.BasicTypeRegistry - Adding type registration long -> org.hibernate.type.LongType@6ad1701a
00:29:14.949 [main] DEBUG org.hibernate.type.BasicTypeRegistry - Adding type registration long -> org.hibernate.type.LongType@6ad1701a
00:29:14.949 [main] DEBUG org.hibernate.type.BasicTypeRegistry - Adding type registration java.lang.Long -> org.hibernate.type.LongType@6ad1701a
00:29:14.949 [main] DEBUG org.hibernate.type.BasicTypeRegistry - Adding type registration float -> org.hibernate.type.FloatType@5707f613
00:29:14.949 [main] DEBUG org.hibernate.type.BasicTypeRegistry - Adding type registration float -> org.hibernate.type.FloatType@5707f613
00:29:14.949 [main] DEBUG org.hibernate.type.BasicTypeRegistry - Adding type registration java.lang.Float -> org.hibernate.type.FloatType@5707f613
00:29:14.950 [main] DEBUG org.hibernate.type.BasicTypeRegistry - Adding type registration double -> org.hibernate.type.DoubleType@68b11545
00:29:14.950 [main] DEBUG org.hibernate.type.BasicTypeRegistry - Adding type registration double -> org.hibernate.type.DoubleType@68b11545
00:29:14.950 [main] DEBUG org.hibernate.type.BasicTypeRegistry - Adding type registration java.lang.Double -> org.hibernate.type.DoubleType@68b11545
00:29:14.951 [main] DEBUG org.hibernate.type.BasicTypeRegistry - Adding type registration big_decimal -> org.hibernate.type.BigDecimalType@7573b9ee
00:29:14.953 [main] DEBUG org.hibernate.type.BasicTypeRegistry - Adding type registration java.math.BigDecimal -> org.hibernate.type.BigDecimalType@7573b9ee
00:29:14.953 [main] DEBUG org.hibernate.type.BasicTypeRegistry - Adding type registration big_integer -> org.hibernate.type.BigIntegerType@ee21292
00:29:14.953 [main] DEBUG org.hibernate.type.BasicTypeRegistry - Adding type registration java.math.BigInteger -> org.hibernate.type.BigIntegerType@ee21292
00:29:14.954 [main] DEBUG org.hibernate.type.BasicTypeRegistry - Adding type registration string -> org.hibernate.type.StringType@35dece42
00:29:14.954 [main] DEBUG org.hibernate.type.BasicTypeRegistry - Adding type registration java.lang.String -> org.hibernate.type.StringType@35dece42
00:29:14.954 [main] DEBUG org.hibernate.type.BasicTypeRegistry - Adding type registration nstring -> org.hibernate.type.StringNVarcharType@40ce9049
00:29:14.954 [main] DEBUG org.hibernate.type.BasicTypeRegistry - Adding type registration ncharacter -> org.hibernate.type.CharacterNCharType@5d05f453
00:29:14.954 [main] DEBUG org.hibernate.type.BasicTypeRegistry - Adding type registration url -> org.hibernate.type.UrlType@4f281aaf
00:29:14.955 [main] DEBUG org.hibernate.type.BasicTypeRegistry - Adding type registration java.net.URL -> org.hibernate.type.UrlType@4f281aaf
00:29:14.955 [main] DEBUG org.hibernate.type.BasicTypeRegistry - Adding type registration Duration -> org.hibernate.type.DurationType@251c4280
00:29:14.955 [main] DEBUG org.hibernate.type.BasicTypeRegistry - Adding type registration java.time.Duration -> org.hibernate.type.DurationType@251c4280
00:29:14.956 [main] DEBUG org.hibernate.type.BasicTypeRegistry - Adding type registration Instant -> org.hibernate.type.InstantType@5921b93c
00:29:14.956 [main] DEBUG org.hibernate.type.BasicTypeRegistry - Adding type registration java.time.Instant -> org.hibernate.type.InstantType@5921b93c
00:29:14.956 [main] DEBUG org.hibernate.type.BasicTypeRegistry - Adding type registration LocalDateTime -> org.hibernate.type.LocalDateTimeType@45292ec1
00:29:14.956 [main] DEBUG org.hibernate.type.BasicTypeRegistry - Adding type registration java.time.LocalDateTime -> org.hibernate.type.LocalDateTimeType@45292ec1
00:29:14.956 [main] DEBUG org.hibernate.type.BasicTypeRegistry - Adding type registration LocalDate -> org.hibernate.type.LocalDateType@656a3d6b
00:29:14.956 [main] DEBUG org.hibernate.type.BasicTypeRegistry - Adding type registration java.time.LocalDate -> org.hibernate.type.LocalDateType@656a3d6b
00:29:14.957 [main] DEBUG org.hibernate.type.BasicTypeRegistry - Adding type registration LocalTime -> org.hibernate.type.LocalTimeType@4d464510
00:29:14.959 [main] DEBUG org.hibernate.type.BasicTypeRegistry - Adding type registration java.time.LocalTime -> org.hibernate.type.LocalTimeType@4d464510
00:29:14.960 [main] DEBUG org.hibernate.type.BasicTypeRegistry - Adding type registration OffsetDateTime -> org.hibernate.type.OffsetDateTimeType@27dc627a
00:29:14.960 [main] DEBUG org.hibernate.type.BasicTypeRegistry - Adding type registration java.time.OffsetDateTime -> org.hibernate.type.OffsetDateTimeType@27dc627a
00:29:14.961 [main] DEBUG org.hibernate.type.BasicTypeRegistry - Adding type registration OffsetTime -> org.hibernate.type.OffsetTimeType@661d6bb6
00:29:14.961 [main] DEBUG org.hibernate.type.BasicTypeRegistry - Adding type registration java.time.OffsetTime -> org.hibernate.type.OffsetTimeType@661d6bb6
00:29:14.961 [main] DEBUG org.hibernate.type.BasicTypeRegistry - Adding type registration ZonedDateTime -> org.hibernate.type.ZonedDateTimeType@12417468
00:29:14.961 [main] DEBUG org.hibernate.type.BasicTypeRegistry - Adding type registration java.time.ZonedDateTime -> org.hibernate.type.ZonedDateTimeType@12417468
00:29:14.962 [main] DEBUG org.hibernate.type.BasicTypeRegistry - Adding type registration date -> org.hibernate.type.DateType@1d4f5506
00:29:14.962 [main] DEBUG org.hibernate.type.BasicTypeRegistry - Adding type registration java.sql.Date -> org.hibernate.type.DateType@1d4f5506
00:29:14.963 [main] DEBUG org.hibernate.type.BasicTypeRegistry - Adding type registration time -> org.hibernate.type.TimeType@5fdfe8cf
00:29:14.963 [main] DEBUG org.hibernate.type.BasicTypeRegistry - Adding type registration java.sql.Time -> org.hibernate.type.TimeType@5fdfe8cf
00:29:14.964 [main] DEBUG org.hibernate.type.BasicTypeRegistry - Adding type registration timestamp -> org.hibernate.type.TimestampType@2a4f8009
00:29:14.964 [main] DEBUG org.hibernate.type.BasicTypeRegistry - Adding type registration java.sql.Timestamp -> org.hibernate.type.TimestampType@2a4f8009
00:29:14.964 [main] DEBUG org.hibernate.type.BasicTypeRegistry - Adding type registration java.util.Date -> org.hibernate.type.TimestampType@2a4f8009
00:29:14.964 [main] DEBUG org.hibernate.type.BasicTypeRegistry - Adding type registration dbtimestamp -> org.hibernate.type.DbTimestampType@48268eec
00:29:14.965 [main] DEBUG org.hibernate.type.BasicTypeRegistry - Adding type registration calendar -> org.hibernate.type.CalendarType@3e900e1a
00:29:14.965 [main] DEBUG org.hibernate.type.BasicTypeRegistry - Adding type registration java.util.Calendar -> org.hibernate.type.CalendarType@3e900e1a
00:29:14.965 [main] DEBUG org.hibernate.type.BasicTypeRegistry - Adding type registration java.util.GregorianCalendar -> org.hibernate.type.CalendarType@3e900e1a
00:29:14.965 [main] DEBUG org.hibernate.type.BasicTypeRegistry - Adding type registration calendar_date -> org.hibernate.type.CalendarDateType@3bb9ca38
00:29:14.966 [main] DEBUG org.hibernate.type.BasicTypeRegistry - Adding type registration calendar_time -> org.hibernate.type.CalendarTimeType@7b53b1ad
00:29:14.966 [main] DEBUG org.hibernate.type.BasicTypeRegistry - Adding type registration locale -> org.hibernate.type.LocaleType@2ce03e86
00:29:14.966 [main] DEBUG org.hibernate.type.BasicTypeRegistry - Adding type registration java.util.Locale -> org.hibernate.type.LocaleType@2ce03e86
00:29:14.967 [main] DEBUG org.hibernate.type.BasicTypeRegistry - Adding type registration currency -> org.hibernate.type.CurrencyType@4e0cc334
00:29:14.967 [main] DEBUG org.hibernate.type.BasicTypeRegistry - Adding type registration java.util.Currency -> org.hibernate.type.CurrencyType@4e0cc334
00:29:14.967 [main] DEBUG org.hibernate.type.BasicTypeRegistry - Adding type registration timezone -> org.hibernate.type.TimeZoneType@69364b2d
00:29:14.967 [main] DEBUG org.hibernate.type.BasicTypeRegistry - Adding type registration java.util.TimeZone -> org.hibernate.type.TimeZoneType@69364b2d
00:29:14.967 [main] DEBUG org.hibernate.type.BasicTypeRegistry - Adding type registration class -> org.hibernate.type.ClassType@7bbcf6f0
00:29:14.967 [main] DEBUG org.hibernate.type.BasicTypeRegistry - Adding type registration java.lang.Class -> org.hibernate.type.ClassType@7bbcf6f0
00:29:14.968 [main] DEBUG org.hibernate.type.BasicTypeRegistry - Adding type registration uuid-binary -> org.hibernate.type.UUIDBinaryType@794f11cd
00:29:14.968 [main] DEBUG org.hibernate.type.BasicTypeRegistry - Adding type registration java.util.UUID -> org.hibernate.type.UUIDBinaryType@794f11cd
00:29:14.968 [main] DEBUG org.hibernate.type.BasicTypeRegistry - Adding type registration uuid-char -> org.hibernate.type.UUIDCharType@42e4e589
00:29:14.968 [main] DEBUG org.hibernate.type.BasicTypeRegistry - Adding type registration binary -> org.hibernate.type.BinaryType@63fd4dda
00:29:14.969 [main] DEBUG org.hibernate.type.BasicTypeRegistry - Adding type registration byte[] -> org.hibernate.type.BinaryType@63fd4dda
00:29:14.969 [main] DEBUG org.hibernate.type.BasicTypeRegistry - Adding type registration [B -> org.hibernate.type.BinaryType@63fd4dda
00:29:14.969 [main] DEBUG org.hibernate.type.BasicTypeRegistry - Adding type registration wrapper-binary -> org.hibernate.type.WrapperBinaryType@2e7af36e
00:29:14.969 [main] DEBUG org.hibernate.type.BasicTypeRegistry - Adding type registration Byte[] -> org.hibernate.type.WrapperBinaryType@2e7af36e
00:29:14.969 [main] DEBUG org.hibernate.type.BasicTypeRegistry - Adding type registration [Ljava.lang.Byte; -> org.hibernate.type.WrapperBinaryType@2e7af36e
00:29:14.970 [main] DEBUG org.hibernate.type.BasicTypeRegistry - Adding type registration row_version -> org.hibernate.type.RowVersionType@4ef4f627
00:29:14.970 [main] DEBUG org.hibernate.type.BasicTypeRegistry - Adding type registration image -> org.hibernate.type.ImageType@79a201cf
00:29:14.970 [main] DEBUG org.hibernate.type.BasicTypeRegistry - Adding type registration characters -> org.hibernate.type.CharArrayType@71664560
00:29:14.970 [main] DEBUG org.hibernate.type.BasicTypeRegistry - Adding type registration char[] -> org.hibernate.type.CharArrayType@71664560
00:29:14.970 [main] DEBUG org.hibernate.type.BasicTypeRegistry - Adding type registration [C -> org.hibernate.type.CharArrayType@71664560
00:29:14.970 [main] DEBUG org.hibernate.type.BasicTypeRegistry - Adding type registration wrapper-characters -> org.hibernate.type.CharacterArrayType@5934ca1e
00:29:14.970 [main] DEBUG org.hibernate.type.BasicTypeRegistry - Adding type registration [Ljava.lang.Character; -> org.hibernate.type.CharacterArrayType@5934ca1e
00:29:14.970 [main] DEBUG org.hibernate.type.BasicTypeRegistry - Adding type registration Character[] -> org.hibernate.type.CharacterArrayType@5934ca1e
00:29:14.970 [main] DEBUG org.hibernate.type.BasicTypeRegistry - Adding type registration text -> org.hibernate.type.TextType@5e9bbd9d
00:29:14.971 [main] DEBUG org.hibernate.type.BasicTypeRegistry - Adding type registration ntext -> org.hibernate.type.NTextType@285005b8
00:29:14.971 [main] DEBUG org.hibernate.type.BasicTypeRegistry - Adding type registration blob -> org.hibernate.type.BlobType@14d25b6e
00:29:14.971 [main] DEBUG org.hibernate.type.BasicTypeRegistry - Adding type registration java.sql.Blob -> org.hibernate.type.BlobType@14d25b6e
00:29:14.971 [main] DEBUG org.hibernate.type.BasicTypeRegistry - Adding type registration materialized_blob -> org.hibernate.type.MaterializedBlobType@481b2f10
00:29:14.972 [main] DEBUG org.hibernate.type.BasicTypeRegistry - Adding type registration clob -> org.hibernate.type.ClobType@7634f2b
00:29:14.972 [main] DEBUG org.hibernate.type.BasicTypeRegistry - Adding type registration java.sql.Clob -> org.hibernate.type.ClobType@7634f2b
00:29:14.972 [main] DEBUG org.hibernate.type.BasicTypeRegistry - Adding type registration nclob -> org.hibernate.type.NClobType@5696c927
00:29:14.972 [main] DEBUG org.hibernate.type.BasicTypeRegistry - Adding type registration java.sql.NClob -> org.hibernate.type.NClobType@5696c927
00:29:14.972 [main] DEBUG org.hibernate.type.BasicTypeRegistry - Adding type registration materialized_clob -> org.hibernate.type.MaterializedClobType@6d6bff89
00:29:14.972 [main] DEBUG org.hibernate.type.BasicTypeRegistry - Adding type registration materialized_nclob -> org.hibernate.type.MaterializedNClobType@6acffb2d
00:29:14.973 [main] DEBUG org.hibernate.type.BasicTypeRegistry - Adding type registration serializable -> org.hibernate.type.SerializableType@1953bc95
00:29:14.974 [main] DEBUG org.hibernate.type.BasicTypeRegistry - Adding type registration object -> org.hibernate.type.ObjectType@52831a73
00:29:14.974 [main] DEBUG org.hibernate.type.BasicTypeRegistry - Adding type registration java.lang.Object -> org.hibernate.type.ObjectType@52831a73
00:29:14.974 [main] DEBUG org.hibernate.type.BasicTypeRegistry - Adding type registration imm_date -> org.hibernate.type.AdaptedImmutableType@6f1c3f18
00:29:14.974 [main] DEBUG org.hibernate.type.BasicTypeRegistry - Adding type registration imm_time -> org.hibernate.type.AdaptedImmutableType@4c531172
00:29:14.974 [main] DEBUG org.hibernate.type.BasicTypeRegistry - Adding type registration imm_timestamp -> org.hibernate.type.AdaptedImmutableType@489bc8fd
00:29:14.974 [main] DEBUG org.hibernate.type.BasicTypeRegistry - Adding type registration imm_dbtimestamp -> org.hibernate.type.AdaptedImmutableType@5ac53c06
00:29:14.974 [main] DEBUG org.hibernate.type.BasicTypeRegistry - Adding type registration imm_calendar -> org.hibernate.type.AdaptedImmutableType@54af3cb9
00:29:14.974 [main] DEBUG org.hibernate.type.BasicTypeRegistry - Adding type registration imm_calendar_date -> org.hibernate.type.AdaptedImmutableType@236fdf
00:29:14.975 [main] DEBUG org.hibernate.type.BasicTypeRegistry - Adding type registration imm_binary -> org.hibernate.type.AdaptedImmutableType@16e99306
00:29:14.975 [main] DEBUG org.hibernate.type.BasicTypeRegistry - Adding type registration imm_serializable -> org.hibernate.type.AdaptedImmutableType@653fb8d1
00:29:14.992 [main] INFO  com.zaxxer.hikari.HikariDataSource - HikariPool-1 - Starting...
00:29:15.362 [main] INFO  com.zaxxer.hikari.HikariDataSource - HikariPool-1 - Start completed.
00:29:15.376 [main] INFO  org.hibernate.dialect.Dialect - HHH000400: Using dialect: org.hibernate.dialect.MySQL8Dialect
00:29:15.464 [main] DEBUG o.h.type.spi.TypeConfiguration$Scope - Scoping TypeConfiguration [org.hibernate.type.spi.TypeConfiguration@50dc49e1] to MetadataBuildingContext [org.hibernate.boot.internal.MetadataBuildingContextRootImpl@650a1aff]
00:29:15.616 [main] DEBUG o.h.type.spi.TypeConfiguration$Scope - Scoping TypeConfiguration [org.hibernate.type.spi.TypeConfiguration@50dc49e1] to SessionFactoryImpl [org.hibernate.internal.SessionFactoryImpl@20c3b34b]
00:29:16.034 [main] INFO  o.h.e.t.j.p.i.JtaPlatformInitiator - HHH000490: Using JtaPlatform implementation: [org.hibernate.engine.transaction.jta.platform.internal.NoJtaPlatform]
00:29:16.041 [main] TRACE o.h.type.spi.TypeConfiguration$Scope - Handling #sessionFactoryCreated from [org.hibernate.internal.SessionFactoryImpl@20c3b34b] for TypeConfiguration
00:29:16.045 [main] INFO  o.s.o.j.LocalContainerEntityManagerFactoryBean - Initialized JPA EntityManagerFactory for persistence unit 'default'
00:29:16.731 [main] INFO  o.s.b.w.e.tomcat.TomcatWebServer - Tomcat started on port(s): 8080 (http) with context path ''
00:29:16.745 [main] INFO  c.p.s.SpringBootBoardApplication - Started SpringBootBoardApplication in 3.846 seconds (JVM running for 4.652)
00:29:23.563 [http-nio-8080-exec-2] INFO  o.a.c.c.C.[Tomcat].[localhost].[/] - Initializing Spring DispatcherServlet 'dispatcherServlet'
00:29:23.564 [http-nio-8080-exec-2] INFO  o.s.web.servlet.DispatcherServlet - Initializing Servlet 'dispatcherServlet'
00:29:23.571 [http-nio-8080-exec-2] INFO  o.s.web.servlet.DispatcherServlet - Completed initialization in 7 ms
00:29:23.614 [http-nio-8080-exec-2] INFO  c.p.s.controller.PostController - PostController.getPosts called with Pageable offset: 0, size: 20
00:29:23.679 [http-nio-8080-exec-2] INFO  c.p.s.service.PostService - readPostPage called with Pageable offset: 0, size: 20
00:29:23.696 [http-nio-8080-exec-2] DEBUG org.hibernate.SQL - 
    select
        post0_.id as id1_0_0_,
        user1_.id as id1_1_1_,
        post0_.created_at as created_2_0_0_,
        post0_.content as content3_0_0_,
        post0_.title as title4_0_0_,
        post0_.user_id as user_id5_0_0_,
        user1_.created_at as created_2_1_1_,
        user1_.age as age3_1_1_,
        user1_.hobby as hobby4_1_1_,
        user1_.name as name5_1_1_ 
    from
        posts post0_ 
    left outer join
        users user1_ 
            on post0_.user_id=user1_.id limit ?
00:29:23.724 [http-nio-8080-exec-2] TRACE o.h.t.descriptor.sql.BasicExtractor - extracted value ([id1_0_0_] : [BIGINT]) - [1]
00:29:23.724 [http-nio-8080-exec-2] TRACE o.h.t.descriptor.sql.BasicExtractor - extracted value ([id1_1_1_] : [BIGINT]) - [1]
00:29:23.728 [http-nio-8080-exec-2] TRACE o.h.t.descriptor.sql.BasicExtractor - extracted value ([created_2_0_0_] : [TIMESTAMP]) - [2021-10-13T08:54:21]
00:29:23.728 [http-nio-8080-exec-2] TRACE o.h.t.descriptor.sql.BasicExtractor - extracted value ([content3_0_0_] : [VARCHAR]) - [content1]
00:29:23.728 [http-nio-8080-exec-2] TRACE o.h.t.descriptor.sql.BasicExtractor - extracted value ([title4_0_0_] : [VARCHAR]) - [title1]
00:29:23.729 [http-nio-8080-exec-2] TRACE o.h.t.descriptor.sql.BasicExtractor - extracted value ([user_id5_0_0_] : [BIGINT]) - [1]
00:29:23.729 [http-nio-8080-exec-2] TRACE o.h.t.descriptor.sql.BasicExtractor - extracted value ([created_2_1_1_] : [TIMESTAMP]) - [2021-10-13T08:54:21]
00:29:23.730 [http-nio-8080-exec-2] TRACE o.h.t.descriptor.sql.BasicExtractor - extracted value ([age3_1_1_] : [INTEGER]) - [20]
00:29:23.730 [http-nio-8080-exec-2] TRACE o.h.t.descriptor.sql.BasicExtractor - extracted value ([hobby4_1_1_] : [VARCHAR]) - [coding]
00:29:23.730 [http-nio-8080-exec-2] TRACE o.h.t.descriptor.sql.BasicExtractor - extracted value ([name5_1_1_] : [VARCHAR]) - [dongsubkim]
00:29:23.730 [http-nio-8080-exec-2] TRACE o.h.t.descriptor.sql.BasicExtractor - extracted value ([id1_0_0_] : [BIGINT]) - [2]
00:29:23.730 [http-nio-8080-exec-2] TRACE o.h.t.descriptor.sql.BasicExtractor - extracted value ([id1_1_1_] : [BIGINT]) - [1]
00:29:23.730 [http-nio-8080-exec-2] TRACE o.h.t.descriptor.sql.BasicExtractor - extracted value ([created_2_0_0_] : [TIMESTAMP]) - [2021-10-13T08:54:21]
00:29:23.730 [http-nio-8080-exec-2] TRACE o.h.t.descriptor.sql.BasicExtractor - extracted value ([content3_0_0_] : [VARCHAR]) - [content2]
00:29:23.730 [http-nio-8080-exec-2] TRACE o.h.t.descriptor.sql.BasicExtractor - extracted value ([title4_0_0_] : [VARCHAR]) - [title2]
00:29:23.730 [http-nio-8080-exec-2] TRACE o.h.t.descriptor.sql.BasicExtractor - extracted value ([user_id5_0_0_] : [BIGINT]) - [1]
00:29:23.730 [http-nio-8080-exec-2] TRACE o.h.t.descriptor.sql.BasicExtractor - extracted value ([id1_0_0_] : [BIGINT]) - [3]
00:29:23.730 [http-nio-8080-exec-2] TRACE o.h.t.descriptor.sql.BasicExtractor - extracted value ([id1_1_1_] : [BIGINT]) - [1]
00:29:23.731 [http-nio-8080-exec-2] TRACE o.h.t.descriptor.sql.BasicExtractor - extracted value ([created_2_0_0_] : [TIMESTAMP]) - [2021-10-13T08:54:21]
00:29:23.731 [http-nio-8080-exec-2] TRACE o.h.t.descriptor.sql.BasicExtractor - extracted value ([content3_0_0_] : [VARCHAR]) - [content3]
00:29:23.731 [http-nio-8080-exec-2] TRACE o.h.t.descriptor.sql.BasicExtractor - extracted value ([title4_0_0_] : [VARCHAR]) - [title3]
00:29:23.731 [http-nio-8080-exec-2] TRACE o.h.t.descriptor.sql.BasicExtractor - extracted value ([user_id5_0_0_] : [BIGINT]) - [1]
00:29:23.731 [http-nio-8080-exec-2] TRACE o.h.t.descriptor.sql.BasicExtractor - extracted value ([id1_0_0_] : [BIGINT]) - [4]
00:29:23.731 [http-nio-8080-exec-2] TRACE o.h.t.descriptor.sql.BasicExtractor - extracted value ([id1_1_1_] : [BIGINT]) - [1]
00:29:23.731 [http-nio-8080-exec-2] TRACE o.h.t.descriptor.sql.BasicExtractor - extracted value ([created_2_0_0_] : [TIMESTAMP]) - [2021-10-13T08:54:21]
00:29:23.732 [http-nio-8080-exec-2] TRACE o.h.t.descriptor.sql.BasicExtractor - extracted value ([content3_0_0_] : [VARCHAR]) - [content4]
00:29:23.732 [http-nio-8080-exec-2] TRACE o.h.t.descriptor.sql.BasicExtractor - extracted value ([title4_0_0_] : [VARCHAR]) - [title4]
00:29:23.732 [http-nio-8080-exec-2] TRACE o.h.t.descriptor.sql.BasicExtractor - extracted value ([user_id5_0_0_] : [BIGINT]) - [1]
00:29:23.732 [http-nio-8080-exec-2] TRACE o.h.t.descriptor.sql.BasicExtractor - extracted value ([id1_0_0_] : [BIGINT]) - [5]
00:29:23.732 [http-nio-8080-exec-2] TRACE o.h.t.descriptor.sql.BasicExtractor - extracted value ([id1_1_1_] : [BIGINT]) - [1]
00:29:23.732 [http-nio-8080-exec-2] TRACE o.h.t.descriptor.sql.BasicExtractor - extracted value ([created_2_0_0_] : [TIMESTAMP]) - [2021-10-13T08:54:21]
00:29:23.732 [http-nio-8080-exec-2] TRACE o.h.t.descriptor.sql.BasicExtractor - extracted value ([content3_0_0_] : [VARCHAR]) - [content5]
00:29:23.732 [http-nio-8080-exec-2] TRACE o.h.t.descriptor.sql.BasicExtractor - extracted value ([title4_0_0_] : [VARCHAR]) - [title5]
00:29:23.733 [http-nio-8080-exec-2] TRACE o.h.t.descriptor.sql.BasicExtractor - extracted value ([user_id5_0_0_] : [BIGINT]) - [1]
00:29:23.734 [http-nio-8080-exec-2] TRACE o.h.t.descriptor.sql.BasicExtractor - extracted value ([id1_0_0_] : [BIGINT]) - [6]
00:29:23.734 [http-nio-8080-exec-2] TRACE o.h.t.descriptor.sql.BasicExtractor - extracted value ([id1_1_1_] : [BIGINT]) - [1]
00:29:23.734 [http-nio-8080-exec-2] TRACE o.h.t.descriptor.sql.BasicExtractor - extracted value ([created_2_0_0_] : [TIMESTAMP]) - [2021-10-13T08:54:21]
00:29:23.734 [http-nio-8080-exec-2] TRACE o.h.t.descriptor.sql.BasicExtractor - extracted value ([content3_0_0_] : [VARCHAR]) - [content6]
00:29:23.734 [http-nio-8080-exec-2] TRACE o.h.t.descriptor.sql.BasicExtractor - extracted value ([title4_0_0_] : [VARCHAR]) - [title6]
00:29:23.734 [http-nio-8080-exec-2] TRACE o.h.t.descriptor.sql.BasicExtractor - extracted value ([user_id5_0_0_] : [BIGINT]) - [1]
00:29:23.735 [http-nio-8080-exec-2] TRACE o.h.t.descriptor.sql.BasicExtractor - extracted value ([id1_0_0_] : [BIGINT]) - [7]
00:29:23.735 [http-nio-8080-exec-2] TRACE o.h.t.descriptor.sql.BasicExtractor - extracted value ([id1_1_1_] : [BIGINT]) - [1]
00:29:23.735 [http-nio-8080-exec-2] TRACE o.h.t.descriptor.sql.BasicExtractor - extracted value ([created_2_0_0_] : [TIMESTAMP]) - [2021-10-13T08:54:21]
00:29:23.735 [http-nio-8080-exec-2] TRACE o.h.t.descriptor.sql.BasicExtractor - extracted value ([content3_0_0_] : [VARCHAR]) - [content7]
00:29:23.735 [http-nio-8080-exec-2] TRACE o.h.t.descriptor.sql.BasicExtractor - extracted value ([title4_0_0_] : [VARCHAR]) - [title7]
00:29:23.735 [http-nio-8080-exec-2] TRACE o.h.t.descriptor.sql.BasicExtractor - extracted value ([user_id5_0_0_] : [BIGINT]) - [1]
00:30:24.544 [SpringApplicationShutdownHook] INFO  o.s.o.j.LocalContainerEntityManagerFactoryBean - Closing JPA EntityManagerFactory for persistence unit 'default'
00:30:24.546 [SpringApplicationShutdownHook] TRACE o.h.type.spi.TypeConfiguration$Scope - Handling #sessionFactoryClosed from [org.hibernate.internal.SessionFactoryImpl@20c3b34b] for TypeConfiguration
00:30:24.546 [SpringApplicationShutdownHook] DEBUG o.h.type.spi.TypeConfiguration$Scope - Un-scoping TypeConfiguration [org.hibernate.type.spi.TypeConfiguration$Scope@4e844c4f] from SessionFactory [org.hibernate.internal.SessionFactoryImpl@20c3b34b]
00:30:24.549 [SpringApplicationShutdownHook] INFO  com.zaxxer.hikari.HikariDataSource - HikariPool-1 - Shutdown initiated...
00:30:24.604 [SpringApplicationShutdownHook] INFO  com.zaxxer.hikari.HikariDataSource - HikariPool-1 - Shutdown completed.
00:31:02.344 [main] INFO  c.p.s.SpringBootBoardApplication - Starting SpringBootBoardApplication using Java 17 on gimdongseobs-MacBook-Air.local with PID 50735 (/Users/dskim/Study/KDT/Assignments/SpringBoot-Board/build/classes/java/main started by dskim in /Users/dskim/Study/KDT/Assignments/SpringBoot-Board)
00:31:02.347 [main] INFO  c.p.s.SpringBootBoardApplication - The following profiles are active: local
00:31:03.056 [main] INFO  o.s.d.r.c.RepositoryConfigurationDelegate - Bootstrapping Spring Data JPA repositories in DEFAULT mode.
00:31:03.099 [main] INFO  o.s.d.r.c.RepositoryConfigurationDelegate - Finished Spring Data repository scanning in 37 ms. Found 2 JPA repository interfaces.
00:31:03.588 [main] INFO  o.s.b.w.e.tomcat.TomcatWebServer - Tomcat initialized with port(s): 8080 (http)
00:31:03.593 [main] INFO  o.a.catalina.core.StandardService - Starting service [Tomcat]
00:31:03.593 [main] INFO  o.a.catalina.core.StandardEngine - Starting Servlet engine: [Apache Tomcat/9.0.53]
00:31:03.678 [main] INFO  o.a.c.c.C.[Tomcat].[localhost].[/] - Initializing Spring embedded WebApplicationContext
00:31:03.678 [main] INFO  o.s.b.w.s.c.ServletWebServerApplicationContext - Root WebApplicationContext: initialization completed in 1274 ms
00:31:03.815 [main] INFO  o.h.jpa.internal.util.LogHelper - HHH000204: Processing PersistenceUnitInfo [name: default]
00:31:03.838 [main] INFO  org.hibernate.Version - HHH000412: Hibernate ORM core version 5.4.32.Final
00:31:03.891 [main] INFO  o.h.annotations.common.Version - HCANN000001: Hibernate Commons Annotations {5.1.2.Final}
00:31:03.901 [main] DEBUG org.hibernate.type.BasicTypeRegistry - Adding type registration boolean -> org.hibernate.type.BooleanType@6048e26a
00:31:03.902 [main] DEBUG org.hibernate.type.BasicTypeRegistry - Adding type registration boolean -> org.hibernate.type.BooleanType@6048e26a
00:31:03.902 [main] DEBUG org.hibernate.type.BasicTypeRegistry - Adding type registration java.lang.Boolean -> org.hibernate.type.BooleanType@6048e26a
00:31:03.902 [main] DEBUG org.hibernate.type.BasicTypeRegistry - Adding type registration numeric_boolean -> org.hibernate.type.NumericBooleanType@2b736fee
00:31:03.903 [main] DEBUG org.hibernate.type.BasicTypeRegistry - Adding type registration true_false -> org.hibernate.type.TrueFalseType@75d366c2
00:31:03.904 [main] DEBUG org.hibernate.type.BasicTypeRegistry - Adding type registration yes_no -> org.hibernate.type.YesNoType@2047981
00:31:03.904 [main] DEBUG org.hibernate.type.BasicTypeRegistry - Adding type registration byte -> org.hibernate.type.ByteType@1b3ab4f9
00:31:03.904 [main] DEBUG org.hibernate.type.BasicTypeRegistry - Adding type registration byte -> org.hibernate.type.ByteType@1b3ab4f9
00:31:03.904 [main] DEBUG org.hibernate.type.BasicTypeRegistry - Adding type registration java.lang.Byte -> org.hibernate.type.ByteType@1b3ab4f9
00:31:03.905 [main] DEBUG org.hibernate.type.BasicTypeRegistry - Adding type registration character -> org.hibernate.type.CharacterType@40ed1802
00:31:03.905 [main] DEBUG org.hibernate.type.BasicTypeRegistry - Adding type registration char -> org.hibernate.type.CharacterType@40ed1802
00:31:03.905 [main] DEBUG org.hibernate.type.BasicTypeRegistry - Adding type registration java.lang.Character -> org.hibernate.type.CharacterType@40ed1802
00:31:03.905 [main] DEBUG org.hibernate.type.BasicTypeRegistry - Adding type registration short -> org.hibernate.type.ShortType@776015fc
00:31:03.905 [main] DEBUG org.hibernate.type.BasicTypeRegistry - Adding type registration short -> org.hibernate.type.ShortType@776015fc
00:31:03.905 [main] DEBUG org.hibernate.type.BasicTypeRegistry - Adding type registration java.lang.Short -> org.hibernate.type.ShortType@776015fc
00:31:03.905 [main] DEBUG org.hibernate.type.BasicTypeRegistry - Adding type registration integer -> org.hibernate.type.IntegerType@17d2b075
00:31:03.905 [main] DEBUG org.hibernate.type.BasicTypeRegistry - Adding type registration int -> org.hibernate.type.IntegerType@17d2b075
00:31:03.905 [main] DEBUG org.hibernate.type.BasicTypeRegistry - Adding type registration java.lang.Integer -> org.hibernate.type.IntegerType@17d2b075
00:31:03.906 [main] DEBUG org.hibernate.type.BasicTypeRegistry - Adding type registration long -> org.hibernate.type.LongType@4db77402
00:31:03.906 [main] DEBUG org.hibernate.type.BasicTypeRegistry - Adding type registration long -> org.hibernate.type.LongType@4db77402
00:31:03.906 [main] DEBUG org.hibernate.type.BasicTypeRegistry - Adding type registration java.lang.Long -> org.hibernate.type.LongType@4db77402
00:31:03.906 [main] DEBUG org.hibernate.type.BasicTypeRegistry - Adding type registration float -> org.hibernate.type.FloatType@4bb1b96b
00:31:03.906 [main] DEBUG org.hibernate.type.BasicTypeRegistry - Adding type registration float -> org.hibernate.type.FloatType@4bb1b96b
00:31:03.906 [main] DEBUG org.hibernate.type.BasicTypeRegistry - Adding type registration java.lang.Float -> org.hibernate.type.FloatType@4bb1b96b
00:31:03.907 [main] DEBUG org.hibernate.type.BasicTypeRegistry - Adding type registration double -> org.hibernate.type.DoubleType@7069f076
00:31:03.907 [main] DEBUG org.hibernate.type.BasicTypeRegistry - Adding type registration double -> org.hibernate.type.DoubleType@7069f076
00:31:03.907 [main] DEBUG org.hibernate.type.BasicTypeRegistry - Adding type registration java.lang.Double -> org.hibernate.type.DoubleType@7069f076
00:31:03.907 [main] DEBUG org.hibernate.type.BasicTypeRegistry - Adding type registration big_decimal -> org.hibernate.type.BigDecimalType@f5a7226
00:31:03.910 [main] DEBUG org.hibernate.type.BasicTypeRegistry - Adding type registration java.math.BigDecimal -> org.hibernate.type.BigDecimalType@f5a7226
00:31:03.910 [main] DEBUG org.hibernate.type.BasicTypeRegistry - Adding type registration big_integer -> org.hibernate.type.BigIntegerType@62aeddc8
00:31:03.910 [main] DEBUG org.hibernate.type.BasicTypeRegistry - Adding type registration java.math.BigInteger -> org.hibernate.type.BigIntegerType@62aeddc8
00:31:03.911 [main] DEBUG org.hibernate.type.BasicTypeRegistry - Adding type registration string -> org.hibernate.type.StringType@35bfa1bb
00:31:03.911 [main] DEBUG org.hibernate.type.BasicTypeRegistry - Adding type registration java.lang.String -> org.hibernate.type.StringType@35bfa1bb
00:31:03.911 [main] DEBUG org.hibernate.type.BasicTypeRegistry - Adding type registration nstring -> org.hibernate.type.StringNVarcharType@357bc488
00:31:03.911 [main] DEBUG org.hibernate.type.BasicTypeRegistry - Adding type registration ncharacter -> org.hibernate.type.CharacterNCharType@309dcdf3
00:31:03.912 [main] DEBUG org.hibernate.type.BasicTypeRegistry - Adding type registration url -> org.hibernate.type.UrlType@bb25753
00:31:03.912 [main] DEBUG org.hibernate.type.BasicTypeRegistry - Adding type registration java.net.URL -> org.hibernate.type.UrlType@bb25753
00:31:03.913 [main] DEBUG org.hibernate.type.BasicTypeRegistry - Adding type registration Duration -> org.hibernate.type.DurationType@543d5863
00:31:03.913 [main] DEBUG org.hibernate.type.BasicTypeRegistry - Adding type registration java.time.Duration -> org.hibernate.type.DurationType@543d5863
00:31:03.913 [main] DEBUG org.hibernate.type.BasicTypeRegistry - Adding type registration Instant -> org.hibernate.type.InstantType@65c5bf0e
00:31:03.913 [main] DEBUG org.hibernate.type.BasicTypeRegistry - Adding type registration java.time.Instant -> org.hibernate.type.InstantType@65c5bf0e
00:31:03.913 [main] DEBUG org.hibernate.type.BasicTypeRegistry - Adding type registration LocalDateTime -> org.hibernate.type.LocalDateTimeType@4d93f75b
00:31:03.913 [main] DEBUG org.hibernate.type.BasicTypeRegistry - Adding type registration java.time.LocalDateTime -> org.hibernate.type.LocalDateTimeType@4d93f75b
00:31:03.914 [main] DEBUG org.hibernate.type.BasicTypeRegistry - Adding type registration LocalDate -> org.hibernate.type.LocalDateType@7da635c0
00:31:03.914 [main] DEBUG org.hibernate.type.BasicTypeRegistry - Adding type registration java.time.LocalDate -> org.hibernate.type.LocalDateType@7da635c0
00:31:03.914 [main] DEBUG org.hibernate.type.BasicTypeRegistry - Adding type registration LocalTime -> org.hibernate.type.LocalTimeType@420a8042
00:31:03.914 [main] DEBUG org.hibernate.type.BasicTypeRegistry - Adding type registration java.time.LocalTime -> org.hibernate.type.LocalTimeType@420a8042
00:31:03.914 [main] DEBUG org.hibernate.type.BasicTypeRegistry - Adding type registration OffsetDateTime -> org.hibernate.type.OffsetDateTimeType@13803a94
00:31:03.914 [main] DEBUG org.hibernate.type.BasicTypeRegistry - Adding type registration java.time.OffsetDateTime -> org.hibernate.type.OffsetDateTimeType@13803a94
00:31:03.915 [main] DEBUG org.hibernate.type.BasicTypeRegistry - Adding type registration OffsetTime -> org.hibernate.type.OffsetTimeType@4f93bf0a
00:31:03.915 [main] DEBUG org.hibernate.type.BasicTypeRegistry - Adding type registration java.time.OffsetTime -> org.hibernate.type.OffsetTimeType@4f93bf0a
00:31:03.915 [main] DEBUG org.hibernate.type.BasicTypeRegistry - Adding type registration ZonedDateTime -> org.hibernate.type.ZonedDateTimeType@58833798
00:31:03.915 [main] DEBUG org.hibernate.type.BasicTypeRegistry - Adding type registration java.time.ZonedDateTime -> org.hibernate.type.ZonedDateTimeType@58833798
00:31:03.916 [main] DEBUG org.hibernate.type.BasicTypeRegistry - Adding type registration date -> org.hibernate.type.DateType@16d07cf3
00:31:03.916 [main] DEBUG org.hibernate.type.BasicTypeRegistry - Adding type registration java.sql.Date -> org.hibernate.type.DateType@16d07cf3
00:31:03.916 [main] DEBUG org.hibernate.type.BasicTypeRegistry - Adding type registration time -> org.hibernate.type.TimeType@12417468
00:31:03.916 [main] DEBUG org.hibernate.type.BasicTypeRegistry - Adding type registration java.sql.Time -> org.hibernate.type.TimeType@12417468
00:31:03.917 [main] DEBUG org.hibernate.type.BasicTypeRegistry - Adding type registration timestamp -> org.hibernate.type.TimestampType@8e25d3f
00:31:03.921 [main] DEBUG org.hibernate.type.BasicTypeRegistry - Adding type registration java.sql.Timestamp -> org.hibernate.type.TimestampType@8e25d3f
00:31:03.921 [main] DEBUG org.hibernate.type.BasicTypeRegistry - Adding type registration java.util.Date -> org.hibernate.type.TimestampType@8e25d3f
00:31:03.921 [main] DEBUG org.hibernate.type.BasicTypeRegistry - Adding type registration dbtimestamp -> org.hibernate.type.DbTimestampType@7dee835
00:31:03.922 [main] DEBUG org.hibernate.type.BasicTypeRegistry - Adding type registration calendar -> org.hibernate.type.CalendarType@2a8b33ba
00:31:03.922 [main] DEBUG org.hibernate.type.BasicTypeRegistry - Adding type registration java.util.Calendar -> org.hibernate.type.CalendarType@2a8b33ba
00:31:03.922 [main] DEBUG org.hibernate.type.BasicTypeRegistry - Adding type registration java.util.GregorianCalendar -> org.hibernate.type.CalendarType@2a8b33ba
00:31:03.922 [main] DEBUG org.hibernate.type.BasicTypeRegistry - Adding type registration calendar_date -> org.hibernate.type.CalendarDateType@2401856
00:31:03.923 [main] DEBUG org.hibernate.type.BasicTypeRegistry - Adding type registration calendar_time -> org.hibernate.type.CalendarTimeType@69a024a0
00:31:03.924 [main] DEBUG org.hibernate.type.BasicTypeRegistry - Adding type registration locale -> org.hibernate.type.LocaleType@23cd5d42
00:31:03.924 [main] DEBUG org.hibernate.type.BasicTypeRegistry - Adding type registration java.util.Locale -> org.hibernate.type.LocaleType@23cd5d42
00:31:03.924 [main] DEBUG org.hibernate.type.BasicTypeRegistry - Adding type registration currency -> org.hibernate.type.CurrencyType@4b425577
00:31:03.924 [main] DEBUG org.hibernate.type.BasicTypeRegistry - Adding type registration java.util.Currency -> org.hibernate.type.CurrencyType@4b425577
00:31:03.924 [main] DEBUG org.hibernate.type.BasicTypeRegistry - Adding type registration timezone -> org.hibernate.type.TimeZoneType@21e45a6f
00:31:03.924 [main] DEBUG org.hibernate.type.BasicTypeRegistry - Adding type registration java.util.TimeZone -> org.hibernate.type.TimeZoneType@21e45a6f
00:31:03.924 [main] DEBUG org.hibernate.type.BasicTypeRegistry - Adding type registration class -> org.hibernate.type.ClassType@7fdd43cd
00:31:03.924 [main] DEBUG org.hibernate.type.BasicTypeRegistry - Adding type registration java.lang.Class -> org.hibernate.type.ClassType@7fdd43cd
00:31:03.925 [main] DEBUG org.hibernate.type.BasicTypeRegistry - Adding type registration uuid-binary -> org.hibernate.type.UUIDBinaryType@51d0ec6f
00:31:03.925 [main] DEBUG org.hibernate.type.BasicTypeRegistry - Adding type registration java.util.UUID -> org.hibernate.type.UUIDBinaryType@51d0ec6f
00:31:03.925 [main] DEBUG org.hibernate.type.BasicTypeRegistry - Adding type registration uuid-char -> org.hibernate.type.UUIDCharType@4877919f
00:31:03.925 [main] DEBUG org.hibernate.type.BasicTypeRegistry - Adding type registration binary -> org.hibernate.type.BinaryType@23ca36d
00:31:03.925 [main] DEBUG org.hibernate.type.BasicTypeRegistry - Adding type registration byte[] -> org.hibernate.type.BinaryType@23ca36d
00:31:03.925 [main] DEBUG org.hibernate.type.BasicTypeRegistry - Adding type registration [B -> org.hibernate.type.BinaryType@23ca36d
00:31:03.926 [main] DEBUG org.hibernate.type.BasicTypeRegistry - Adding type registration wrapper-binary -> org.hibernate.type.WrapperBinaryType@1ac6dd3d
00:31:03.926 [main] DEBUG org.hibernate.type.BasicTypeRegistry - Adding type registration Byte[] -> org.hibernate.type.WrapperBinaryType@1ac6dd3d
00:31:03.926 [main] DEBUG org.hibernate.type.BasicTypeRegistry - Adding type registration [Ljava.lang.Byte; -> org.hibernate.type.WrapperBinaryType@1ac6dd3d
00:31:03.927 [main] DEBUG org.hibernate.type.BasicTypeRegistry - Adding type registration row_version -> org.hibernate.type.RowVersionType@499ee966
00:31:03.927 [main] DEBUG org.hibernate.type.BasicTypeRegistry - Adding type registration image -> org.hibernate.type.ImageType@4cdba2ed
00:31:03.927 [main] DEBUG org.hibernate.type.BasicTypeRegistry - Adding type registration characters -> org.hibernate.type.CharArrayType@2d258eff
00:31:03.927 [main] DEBUG org.hibernate.type.BasicTypeRegistry - Adding type registration char[] -> org.hibernate.type.CharArrayType@2d258eff
00:31:03.927 [main] DEBUG org.hibernate.type.BasicTypeRegistry - Adding type registration [C -> org.hibernate.type.CharArrayType@2d258eff
00:31:03.928 [main] DEBUG org.hibernate.type.BasicTypeRegistry - Adding type registration wrapper-characters -> org.hibernate.type.CharacterArrayType@740fefc6
00:31:03.928 [main] DEBUG org.hibernate.type.BasicTypeRegistry - Adding type registration [Ljava.lang.Character; -> org.hibernate.type.CharacterArrayType@740fefc6
00:31:03.928 [main] DEBUG org.hibernate.type.BasicTypeRegistry - Adding type registration Character[] -> org.hibernate.type.CharacterArrayType@740fefc6
00:31:03.928 [main] DEBUG org.hibernate.type.BasicTypeRegistry - Adding type registration text -> org.hibernate.type.TextType@741ac284
00:31:03.928 [main] DEBUG org.hibernate.type.BasicTypeRegistry - Adding type registration ntext -> org.hibernate.type.NTextType@108e9837
00:31:03.929 [main] DEBUG org.hibernate.type.BasicTypeRegistry - Adding type registration blob -> org.hibernate.type.BlobType@39da5e49
00:31:03.929 [main] DEBUG org.hibernate.type.BasicTypeRegistry - Adding type registration java.sql.Blob -> org.hibernate.type.BlobType@39da5e49
00:31:03.929 [main] DEBUG org.hibernate.type.BasicTypeRegistry - Adding type registration materialized_blob -> org.hibernate.type.MaterializedBlobType@6010d0d1
00:31:03.930 [main] DEBUG org.hibernate.type.BasicTypeRegistry - Adding type registration clob -> org.hibernate.type.ClobType@5b1efaaf
00:31:03.931 [main] DEBUG org.hibernate.type.BasicTypeRegistry - Adding type registration java.sql.Clob -> org.hibernate.type.ClobType@5b1efaaf
00:31:03.932 [main] DEBUG org.hibernate.type.BasicTypeRegistry - Adding type registration nclob -> org.hibernate.type.NClobType@51c65a43
00:31:03.932 [main] DEBUG org.hibernate.type.BasicTypeRegistry - Adding type registration java.sql.NClob -> org.hibernate.type.NClobType@51c65a43
00:31:03.932 [main] DEBUG org.hibernate.type.BasicTypeRegistry - Adding type registration materialized_clob -> org.hibernate.type.MaterializedClobType@2b6c7012
00:31:03.932 [main] DEBUG org.hibernate.type.BasicTypeRegistry - Adding type registration materialized_nclob -> org.hibernate.type.MaterializedNClobType@624b523
00:31:03.933 [main] DEBUG org.hibernate.type.BasicTypeRegistry - Adding type registration serializable -> org.hibernate.type.SerializableType@73ca34e7
00:31:03.934 [main] DEBUG org.hibernate.type.BasicTypeRegistry - Adding type registration object -> org.hibernate.type.ObjectType@5f025000
00:31:03.934 [main] DEBUG org.hibernate.type.BasicTypeRegistry - Adding type registration java.lang.Object -> org.hibernate.type.ObjectType@5f025000
00:31:03.934 [main] DEBUG org.hibernate.type.BasicTypeRegistry - Adding type registration imm_date -> org.hibernate.type.AdaptedImmutableType@54ffa561
00:31:03.934 [main] DEBUG org.hibernate.type.BasicTypeRegistry - Adding type registration imm_time -> org.hibernate.type.AdaptedImmutableType@49c099b
00:31:03.934 [main] DEBUG org.hibernate.type.BasicTypeRegistry - Adding type registration imm_timestamp -> org.hibernate.type.AdaptedImmutableType@3d9f0a5
00:31:03.934 [main] DEBUG org.hibernate.type.BasicTypeRegistry - Adding type registration imm_dbtimestamp -> org.hibernate.type.AdaptedImmutableType@1953bc95
00:31:03.934 [main] DEBUG org.hibernate.type.BasicTypeRegistry - Adding type registration imm_calendar -> org.hibernate.type.AdaptedImmutableType@30aec673
00:31:03.934 [main] DEBUG org.hibernate.type.BasicTypeRegistry - Adding type registration imm_calendar_date -> org.hibernate.type.AdaptedImmutableType@549ac12c
00:31:03.935 [main] DEBUG org.hibernate.type.BasicTypeRegistry - Adding type registration imm_binary -> org.hibernate.type.AdaptedImmutableType@188a5fc2
00:31:03.935 [main] DEBUG org.hibernate.type.BasicTypeRegistry - Adding type registration imm_serializable -> org.hibernate.type.AdaptedImmutableType@1cb9ef52
00:31:03.956 [main] INFO  com.zaxxer.hikari.HikariDataSource - HikariPool-1 - Starting...
00:31:04.300 [main] INFO  com.zaxxer.hikari.HikariDataSource - HikariPool-1 - Start completed.
00:31:04.314 [main] INFO  org.hibernate.dialect.Dialect - HHH000400: Using dialect: org.hibernate.dialect.MySQL8Dialect
00:31:04.378 [main] DEBUG o.h.type.spi.TypeConfiguration$Scope - Scoping TypeConfiguration [org.hibernate.type.spi.TypeConfiguration@1d1bf7bf] to MetadataBuildingContext [org.hibernate.boot.internal.MetadataBuildingContextRootImpl@1182413a]
00:31:04.539 [main] DEBUG o.h.type.spi.TypeConfiguration$Scope - Scoping TypeConfiguration [org.hibernate.type.spi.TypeConfiguration@1d1bf7bf] to SessionFactoryImpl [org.hibernate.internal.SessionFactoryImpl@135e49b2]
00:31:04.929 [main] INFO  o.h.e.t.j.p.i.JtaPlatformInitiator - HHH000490: Using JtaPlatform implementation: [org.hibernate.engine.transaction.jta.platform.internal.NoJtaPlatform]
00:31:04.941 [main] TRACE o.h.type.spi.TypeConfiguration$Scope - Handling #sessionFactoryCreated from [org.hibernate.internal.SessionFactoryImpl@135e49b2] for TypeConfiguration
00:31:04.943 [main] INFO  o.s.o.j.LocalContainerEntityManagerFactoryBean - Initialized JPA EntityManagerFactory for persistence unit 'default'
00:31:05.606 [main] INFO  o.s.b.w.e.tomcat.TomcatWebServer - Tomcat started on port(s): 8080 (http) with context path ''
00:31:05.617 [main] INFO  c.p.s.SpringBootBoardApplication - Started SpringBootBoardApplication in 3.65 seconds (JVM running for 5.329)
00:31:12.965 [SpringApplicationShutdownHook] INFO  o.s.o.j.LocalContainerEntityManagerFactoryBean - Closing JPA EntityManagerFactory for persistence unit 'default'
00:31:12.967 [SpringApplicationShutdownHook] TRACE o.h.type.spi.TypeConfiguration$Scope - Handling #sessionFactoryClosed from [org.hibernate.internal.SessionFactoryImpl@135e49b2] for TypeConfiguration
00:31:12.967 [SpringApplicationShutdownHook] DEBUG o.h.type.spi.TypeConfiguration$Scope - Un-scoping TypeConfiguration [org.hibernate.type.spi.TypeConfiguration$Scope@657b33ee] from SessionFactory [org.hibernate.internal.SessionFactoryImpl@135e49b2]
00:31:12.969 [SpringApplicationShutdownHook] INFO  com.zaxxer.hikari.HikariDataSource - HikariPool-1 - Shutdown initiated...
00:31:13.024 [SpringApplicationShutdownHook] INFO  com.zaxxer.hikari.HikariDataSource - HikariPool-1 - Shutdown completed.
